<?xml version="1.0" encoding="UTF-8"?>
<testsuite name="web.cts.crpyto.test.SuiteRunner" time="360.087" tests="5" errors="3" skipped="0" failures="0">
  <properties>
    <property name="java.runtime.name" value="Java(TM) SE Runtime Environment"/>
    <property name="sun.boot.library.path" value="C:\Program Files\Java\jdk1.8.0_141\jre\bin"/>
    <property name="java.vm.version" value="25.141-b15"/>
    <property name="java.vm.vendor" value="Oracle Corporation"/>
    <property name="maven.multiModuleProjectDirectory" value="E:\ForrestDevelopment\WTS\Web_Test_Studio_CrypyT\automation-poc"/>
    <property name="java.vendor.url" value="http://java.oracle.com/"/>
    <property name="path.separator" value=";"/>
    <property name="guice.disable.misplaced.annotation.check" value="true"/>
    <property name="java.vm.name" value="Java HotSpot(TM) 64-Bit Server VM"/>
    <property name="file.encoding.pkg" value="sun.io"/>
    <property name="user.script" value=""/>
    <property name="user.country" value="HK"/>
    <property name="sun.java.launcher" value="SUN_STANDARD"/>
    <property name="sun.os.patch.level" value=""/>
    <property name="java.vm.specification.name" value="Java Virtual Machine Specification"/>
    <property name="user.dir" value="E:\ForrestDevelopment\WTS\Web_Test_Studio_CrypyT\automation-poc"/>
    <property name="java.runtime.version" value="1.8.0_141-b15"/>
    <property name="java.awt.graphicsenv" value="sun.awt.Win32GraphicsEnvironment"/>
    <property name="java.endorsed.dirs" value="C:\Program Files\Java\jdk1.8.0_141\jre\lib\endorsed"/>
    <property name="os.arch" value="amd64"/>
    <property name="java.io.tmpdir" value="C:\Users\Forrest.Li\AppData\Local\Temp\"/>
    <property name="line.separator" value="&#10;"/>
    <property name="java.vm.specification.vendor" value="Oracle Corporation"/>
    <property name="user.variant" value=""/>
    <property name="os.name" value="Windows 10"/>
    <property name="classworlds.conf" value="C:\Users\Forrest.Li\eclipse-workspace\.metadata\.plugins\org.eclipse.m2e.launching\launches\m2conf1804050412850141125.tmp"/>
    <property name="sun.jnu.encoding" value="Cp1252"/>
    <property name="java.library.path" value="C:\Program Files\Java\jdk1.8.0_141\bin;C:\WINDOWS\Sun\Java\bin;C:\WINDOWS\system32;C:\WINDOWS;C:/Program Files/Java/jre1.8.0_131/bin/server;C:/Program Files/Java/jre1.8.0_131/bin;C:/Program Files/Java/jre1.8.0_131/lib/amd64;C:\Perl64\site\bin;C:\Perl64\bin;C:\ProgramData\Oracle\Java\javapath;C:\Program Files (x86)\Intel\iCLS Client\;C:\Program Files\Intel\iCLS Client\;C:\Windows\system32;C:\Windows;C:\Windows\System32\Wbem;C:\Windows\System32\WindowsPowerShell\v1.0\;C:\Program Files (x86)\Intel\Intel(R) Management Engine Components\DAL;C:\Program Files\Intel\Intel(R) Management Engine Components\DAL;C:\Program Files (x86)\Intel\Intel(R) Management Engine Components\IPT;C:\Program Files\Intel\Intel(R) Management Engine Components\IPT;C:\Program Files (x86)\NVIDIA Corporation\PhysX\Common;C:\Program Files\Intel\WiFi\bin\;C:\Program Files\Common Files\Intel\WirelessCommon\;C:\Users\Forrest.Li\AppData\Local\Programs\Python\Python36;C:\Users\Forrest.Li\AppData\Local\Programs\Python\Python36\Scripts;C:\WINDOWS\system32;C:\WINDOWS;C:\WINDOWS\System32\Wbem;C:\WINDOWS\System32\WindowsPowerShell\v1.0\;C:\Program Files\PuTTY\;C:\Program Files\Mercurial\;C:\WINDOWS\System32\OpenSSH\;C:\Program Files\Git\cmd;C:\HashiCorp\Vagrant\bin;C:\Program Files\TortoiseHg\;C:\Users\Forrest.Li\AppData\Local\Microsoft\WindowsApps;C:\Users\Forrest.Li\AppData\Local\GitHubDesktop\bin;C:\Users\Forrest.Li\AppData\Local\Microsoft\WindowsApps;;C:\Program Files\Docker Toolbox;C:\Users\Forrest.Li\Desktop;;."/>
    <property name="java.specification.name" value="Java Platform API Specification"/>
    <property name="java.class.version" value="52.0"/>
    <property name="sun.management.compiler" value="HotSpot 64-Bit Tiered Compilers"/>
    <property name="os.version" value="10.0"/>
    <property name="user.home" value="C:\Users\Forrest.Li"/>
    <property name="user.timezone" value="Asia/Shanghai"/>
    <property name="java.awt.printerjob" value="sun.awt.windows.WPrinterJob"/>
    <property name="java.specification.version" value="1.8"/>
    <property name="file.encoding" value="Cp1252"/>
    <property name="user.name" value="Forrest.Li"/>
    <property name="java.class.path" value="C:\Users\Forrest.Li\.p2\pool\plugins\org.eclipse.m2e.maven.runtime_1.8.3.20180227-2135\jars\plexus-classworlds-2.5.2.jar"/>
    <property name="java.vm.specification.version" value="1.8"/>
    <property name="sun.arch.data.model" value="64"/>
    <property name="java.home" value="C:\Program Files\Java\jdk1.8.0_141\jre"/>
    <property name="sun.java.command" value="org.codehaus.plexus.classworlds.launcher.Launcher -B install"/>
    <property name="java.specification.vendor" value="Oracle Corporation"/>
    <property name="user.language" value="en"/>
    <property name="awt.toolkit" value="sun.awt.windows.WToolkit"/>
    <property name="java.vm.info" value="mixed mode"/>
    <property name="java.version" value="1.8.0_141"/>
    <property name="java.ext.dirs" value="C:\Program Files\Java\jdk1.8.0_141\jre\lib\ext;C:\WINDOWS\Sun\Java\lib\ext"/>
    <property name="sun.boot.class.path" value="C:\Program Files\Java\jdk1.8.0_141\jre\lib\resources.jar;C:\Program Files\Java\jdk1.8.0_141\jre\lib\rt.jar;C:\Program Files\Java\jdk1.8.0_141\jre\lib\sunrsasign.jar;C:\Program Files\Java\jdk1.8.0_141\jre\lib\jsse.jar;C:\Program Files\Java\jdk1.8.0_141\jre\lib\jce.jar;C:\Program Files\Java\jdk1.8.0_141\jre\lib\charsets.jar;C:\Program Files\Java\jdk1.8.0_141\jre\lib\jfr.jar;C:\Program Files\Java\jdk1.8.0_141\jre\classes"/>
    <property name="java.vendor" value="Oracle Corporation"/>
    <property name="maven.home" value="E:\ForrestDevelopment\WTS\Web_Test_Studio_CrypyT\automation-poc\EMBEDDED"/>
    <property name="file.separator" value="\"/>
    <property name="java.vendor.url.bug" value="http://bugreport.sun.com/bugreport/"/>
    <property name="sun.cpu.endian" value="little"/>
    <property name="sun.io.unicode.encoding" value="UnicodeLittle"/>
    <property name="sun.desktop" value="windows"/>
    <property name="sun.cpu.isalist" value="amd64"/>
  </properties>
  <testcase name="testLoginPage" classname="web.cts.crpyto.test.SigninTest" time="297.791">
    <error message="chrome not reachable&#10;  (Session info: chrome=70.0.3538.77)&#10;  (Driver info: chromedriver=2.40.565498 (ea082db3280dd6843ebfb08a625e3eb905c4f5ab),platform=Windows NT 10.0.17134 x86_64) (WARNING: The server did not provide any stacktrace information)&#10;Command duration or timeout: 6.01 seconds&#10;Build info: version: &apos;2.35.0&apos;, revision: &apos;8df0c6bedf70ff9f22c647788f9fe9c8d22210e2&apos;, time: &apos;2013-08-17 12:46:41&apos;&#10;System info: os.name: &apos;Windows 10&apos;, os.arch: &apos;amd64&apos;, os.version: &apos;10.0&apos;, java.version: &apos;1.8.0_141&apos;&#10;Driver info: org.openqa.selenium.chrome.ChromeDriver&#10;Capabilities [{applicationCacheEnabled=false, rotatable=false, mobileEmulationEnabled=false, networkConnectionEnabled=false, chrome={chromedriverVersion=2.40.565498 (ea082db3280dd6843ebfb08a625e3eb905c4f5ab), userDataDir=C:\Users\Forrest.Li\AppData\Local\Temp\scoped_dir11312_3614}, takesHeapSnapshot=true, pageLoadStrategy=normal, databaseEnabled=false, handlesAlerts=true, hasTouchScreen=false, version=70.0.3538.77, platform=XP, browserConnectionEnabled=false, nativeEvents=true, acceptSslCerts=false, acceptInsecureCerts=false, locationContextEnabled=true, webStorageEnabled=true, browserName=chrome, takesScreenshot=true, javascriptEnabled=true, cssSelectorsEnabled=true, setWindowRect=true, unexpectedAlertBehaviour=}]&#10;Session ID: ddf14128e761b0ef646adc39b8135823" type="org.openqa.selenium.WebDriverException">org.openqa.selenium.WebDriverException: chrome not reachable
  (Session info: chrome=70.0.3538.77)
  (Driver info: chromedriver=2.40.565498 (ea082db3280dd6843ebfb08a625e3eb905c4f5ab),platform=Windows NT 10.0.17134 x86_64) (WARNING: The server did not provide any stacktrace information)
Command duration or timeout: 6.01 seconds
Build info: version: '2.35.0', revision: '8df0c6bedf70ff9f22c647788f9fe9c8d22210e2', time: '2013-08-17 12:46:41'
System info: os.name: 'Windows 10', os.arch: 'amd64', os.version: '10.0', java.version: '1.8.0_141'
Driver info: org.openqa.selenium.chrome.ChromeDriver
Capabilities [{applicationCacheEnabled=false, rotatable=false, mobileEmulationEnabled=false, networkConnectionEnabled=false, chrome={chromedriverVersion=2.40.565498 (ea082db3280dd6843ebfb08a625e3eb905c4f5ab), userDataDir=C:\Users\Forrest.Li\AppData\Local\Temp\scoped_dir11312_3614}, takesHeapSnapshot=true, pageLoadStrategy=normal, databaseEnabled=false, handlesAlerts=true, hasTouchScreen=false, version=70.0.3538.77, platform=XP, browserConnectionEnabled=false, nativeEvents=true, acceptSslCerts=false, acceptInsecureCerts=false, locationContextEnabled=true, webStorageEnabled=true, browserName=chrome, takesScreenshot=true, javascriptEnabled=true, cssSelectorsEnabled=true, setWindowRect=true, unexpectedAlertBehaviour=}]
Session ID: ddf14128e761b0ef646adc39b8135823
	at sun.reflect.NativeConstructorAccessorImpl.newInstance0(Native Method)
	at sun.reflect.NativeConstructorAccessorImpl.newInstance(NativeConstructorAccessorImpl.java:62)
	at sun.reflect.DelegatingConstructorAccessorImpl.newInstance(DelegatingConstructorAccessorImpl.java:45)
	at java.lang.reflect.Constructor.newInstance(Constructor.java:423)
	at org.openqa.selenium.remote.ErrorHandler.createThrowable(ErrorHandler.java:191)
	at org.openqa.selenium.remote.ErrorHandler.throwIfResponseFailed(ErrorHandler.java:145)
	at org.openqa.selenium.remote.RemoteWebDriver.execute(RemoteWebDriver.java:554)
	at org.openqa.selenium.remote.RemoteWebDriver.findElement(RemoteWebDriver.java:307)
	at org.openqa.selenium.remote.RemoteWebDriver.findElementByXPath(RemoteWebDriver.java:404)
	at org.openqa.selenium.By$ByXPath.findElement(By.java:344)
	at org.openqa.selenium.remote.RemoteWebDriver.findElement(RemoteWebDriver.java:299)
	at sun.reflect.GeneratedMethodAccessor8.invoke(Unknown Source)
	at sun.reflect.DelegatingMethodAccessorImpl.invoke(DelegatingMethodAccessorImpl.java:43)
	at java.lang.reflect.Method.invoke(Method.java:498)
	at org.openqa.selenium.support.events.EventFiringWebDriver$2.invoke(EventFiringWebDriver.java:101)
	at com.sun.proxy.$Proxy20.findElement(Unknown Source)
	at org.openqa.selenium.support.events.EventFiringWebDriver.findElement(EventFiringWebDriver.java:180)
	at web.cts.crpyto.wrappers.WebDriverWrapper.doesWebElementExistByXpath(WebDriverWrapper.java:94)
	at web.cts.crpyto.wrappers.WebDriverWrapper.getObject(WebDriverWrapper.java:113)
	at web.cts.crpyto.crpyto.SignInPage.doLogin(SignInPage.java:43)
	at web.cts.crpyto.test.SigninTest.testLoginPage(SigninTest.java:33)
</error>
    <system-out><![CDATA[2018-11-12 15:07:52,023 (TestContextManager.java:235) INFO  org.springframework.test.context.TestContextManager - Could not instantiate TestExecutionListener [org.springframework.test.context.web.ServletTestExecutionListener]. Specify custom listener classes or make the default listener classes (and their required dependencies) available. Offending class: [javax/servlet/ServletContext]
2018-11-12 15:07:52,030 (TestContextManager.java:235) INFO  org.springframework.test.context.TestContextManager - Could not instantiate TestExecutionListener [org.springframework.test.context.transaction.TransactionalTestExecutionListener]. Specify custom listener classes or make the default listener classes (and their required dependencies) available. Offending class: [org/springframework/transaction/interceptor/TransactionAttribute]
Test Name -- UpdateMyInformationPageTest
total rows -- 3
total cols -- 1
2018-11-12 15:07:52,606 (AbstractApplicationContext.java:518) INFO  org.springframework.context.support.GenericApplicationContext - Refreshing org.springframework.context.support.GenericApplicationContext@2b4bac49: startup date [Mon Nov 12 15:07:52 CST 2018]; root of context hierarchy
2018-11-12 15:07:52,795 (DefaultListableBeanFactory.java:605) INFO  org.springframework.beans.factory.support.DefaultListableBeanFactory - Pre-instantiating singletons in org.springframework.beans.factory.support.DefaultListableBeanFactory@449a4f23: defining beans [org.springframework.context.annotation.internalConfigurationAnnotationProcessor,org.springframework.context.annotation.internalAutowiredAnnotationProcessor,org.springframework.context.annotation.internalRequiredAnnotationProcessor,org.springframework.context.annotation.internalCommonAnnotationProcessor,automationBootstrap,org.springframework.context.annotation.ConfigurationClassPostProcessor.importAwareProcessor,signInPage,updateMyInformationPage,jsonParser,xmlParser,testUtils,webDriverWrapper,propertySourcesPlaceholderConfigurer]; root of factory hierarchy
2018-11-12 15:07:52,843 (WebDriverWrapper.java:59) INFO  web.cts.crpyto.wrappers.WebDriverWrapper - Browser=Chrome URL=http://ec2-54-194-193-178.eu-west-1.compute.amazonaws.com/#ico
Looping when the following xpath does not show up://div[@class='myTokens']Looping when the following xpath does not show up://div[@class='myTokens']Looping when the following xpath does not show up://div[@class='myTokens']Looping when the following xpath does not show up://div[@class='myTokens']Looping when the following xpath does not show up://div[@class='myTokens']Looping when the following xpath does not show up://div[@class='myTokens']Looping when the following xpath does not show up://div[@class='myTokens']Looping when the following xpath does not show up://div[@class='myTokens']Looping when the following xpath does not show up://div[@class='myTokens']Looping when the following xpath does not show up://div[@class='myTokens']Looping when the following xpath does not show up://div[@class='myTokens']Looping when the following xpath does not show up://div[@class='myTokens']Looping when the following xpath does not show up://div[@class='myTokens']Looping when the following xpath does not show up://div[@class='myTokens']Looping when the following xpath does not show up://div[@class='myTokens']Looping when the following xpath does not show up://div[@class='myTokens']Looping when the following xpath does not show up://div[@class='myTokens']Looping when the following xpath does not show up://div[@class='myTokens']Looping when the following xpath does not show up://div[@class='myTokens']Looping when the following xpath does not show up://div[@class='myTokens']Looping when the following xpath does not show up://div[@class='myTokens']Looping when the following xpath does not show up://div[@class='myTokens']Looping when the following xpath does not show up://div[@class='myTokens']Looping when the following xpath does not show up://div[@class='myTokens']Looping when the following xpath does not show up://div[@class='myTokens']Looping when the following xpath does not show up://div[@class='myTokens']Looping when the following xpath does not show up://div[@class='myTokens']Looping when the following xpath does not show up://div[@class='myTokens']Looping when the following xpath does not show up://div[@class='myTokens']Looping when the following xpath does not show up://div[@class='myTokens']Looping when the following xpath does not show up://div[@class='myTokens']Looping when the following xpath does not show up://div[@class='myTokens']Looping when the following xpath does not show up://div[@class='myTokens']Looping when the following xpath does not show up://div[@class='myTokens']Looping when the following xpath does not show up://div[@class='myTokens']Looping when the following xpath does not show up://div[@class='myTokens']Looping when the following xpath does not show up://div[@class='myTokens']Looping when the following xpath does not show up://div[@class='myTokens']Looping when the following xpath does not show up://div[@class='myTokens']Looping when the following xpath does not show up://div[@class='myTokens']Looping when the following xpath does not show up://div[@class='myTokens']Looping when the following xpath does not show up://div[@class='myTokens']Looping when the following xpath does not show up://div[@class='myTokens']Looping when the following xpath does not show up://div[@class='myTokens']Looping when the following xpath does not show up://div[@class='myTokens']Looping when the following xpath does not show up://div[@class='myTokens']Looping when the following xpath does not show up://div[@class='myTokens']Looping when the following xpath does not show up://div[@class='myTokens']Looping when the following xpath does not show up://div[@class='myTokens']Looping when the following xpath does not show up://div[@class='myTokens']Looping when the following xpath does not show up://div[@class='myTokens']Looping when the following xpath does not show up://div[@class='myTokens']Looping when the following xpath does not show up://div[@class='myTokens']Looping when the following xpath does not show up://div[@class='myTokens']Looping when the following xpath does not show up://div[@class='myTokens']Looping when the following xpath does not show up://div[@class='myTokens']Looping when the following xpath does not show up://div[@class='myTokens']Looping when the following xpath does not show up://div[@class='myTokens']Looping when the following xpath does not show up://div[@class='myTokens']Looping when the following xpath does not show up://div[@class='myTokens']Looping when the following xpath does not show up://div[@class='myTokens']Looping when the following xpath does not show up://div[@class='myTokens']Looping when the following xpath does not show up://div[@class='myTokens']Looping when the following xpath does not show up://div[@class='myTokens']Looping when the following xpath does not show up://div[@class='myTokens']Looping when the following xpath does not show up://div[@class='myTokens']Looping when the following xpath does not show up://div[@class='myTokens']Looping when the following xpath does not show up://div[@class='myTokens']Looping when the following xpath does not show up://div[@class='myTokens']Looping when the following xpath does not show up://div[@class='myTokens']Looping when the following xpath does not show up://div[@class='myTokens']Looping when the following xpath does not show up://div[@class='myTokens']Looping when the following xpath does not show up://div[@class='myTokens']Looping when the following xpath does not show up://div[@class='myTokens']Looping when the following xpath does not show up://div[@class='myTokens']Looping when the following xpath does not show up://div[@class='myTokens']Looping when the following xpath does not show up://div[@class='myTokens']Looping when the following xpath does not show up://div[@class='myTokens']Looping when the following xpath does not show up://div[@class='myTokens']Looping when the following xpath does not show up://div[@class='myTokens']Looping when the following xpath does not show up://div[@class='myTokens']Looping when the following xpath does not show up://div[@class='myTokens']Looping when the following xpath does not show up://div[@class='myTokens']Looping when the following xpath does not show up://div[@class='myTokens']Looping when the following xpath does not show up://div[@class='myTokens']Looping when the following xpath does not show up://div[@class='myTokens']Looping when the following xpath does not show up://div[@class='myTokens']Looping when the following xpath does not show up://div[@class='myTokens']Looping when the following xpath does not show up://div[@class='myTokens']Looping when the following xpath does not show up://div[@class='myTokens']Looping when the following xpath does not show up://div[@class='myTokens']Looping when the following xpath does not show up://div[@class='myTokens']Looping when the following xpath does not show up://div[@class='myTokens']Looping when the following xpath does not show up://div[@class='myTokens']Looping when the following xpath does not show up://div[@class='myTokens']Looping when the following xpath does not show up://div[@class='myTokens']Looping when the following xpath does not show up://div[@class='myTokens']Looping when the following xpath does not show up://div[@class='myTokens']Looping when the following xpath does not show up://div[@class='myTokens']Looping when the following xpath does not show up://div[@class='myTokens']Looping when the following xpath does not show up://div[@class='myTokens']Looping when the following xpath does not show up://div[@class='myTokens']Looping when the following xpath does not show up://div[@class='myTokens']Looping when the following xpath does not show up://div[@class='myTokens']Looping when the following xpath does not show up://div[@class='myTokens']Looping when the following xpath does not show up://div[@class='myTokens']Looping when the following xpath does not show up://div[@class='myTokens']Looping when the following xpath does not show up://div[@class='myTokens']Looping when the following xpath does not show up://div[@class='myTokens']Looping when the following xpath does not show up://div[@class='myTokens']Looping when the following xpath does not show up://div[@class='myTokens']Looping when the following xpath does not show up://div[@class='myTokens']Looping when the following xpath does not show up://div[@class='myTokens']Looping when the following xpath does not show up://div[@class='myTokens']Looping when the following xpath does not show up://div[@class='myTokens']Looping when the following xpath does not show up://div[@class='myTokens']Looping when the following xpath does not show up://div[@class='myTokens']Looping when the following xpath does not show up://div[@class='myTokens']Looping when the following xpath does not show up://div[@class='myTokens']Looping when the following xpath does not show up://div[@class='myTokens']Looping when the following xpath does not show up://div[@class='myTokens']Looping when the following xpath does not show up://div[@class='myTokens']Looping when the following xpath does not show up://div[@class='myTokens']Looping when the following xpath does not show up://div[@class='myTokens']Looping when the following xpath does not show up://div[@class='myTokens']Looping when the following xpath does not show up://div[@class='myTokens']Looping when the following xpath does not show up://div[@class='myTokens']Looping when the following xpath does not show up://div[@class='myTokens']Looping when the following xpath does not show up://div[@class='myTokens']Looping when the following xpath does not show up://div[@class='myTokens']Looping when the following xpath does not show up://div[@class='myTokens']Looping when the following xpath does not show up://div[@class='myTokens']Looping when the following xpath does not show up://div[@class='myTokens']Looping when the following xpath does not show up://div[@class='myTokens']Looping when the following xpath does not show up://div[@class='myTokens']Looping when the following xpath does not show up://div[@class='myTokens']Looping when the following xpath does not show up://div[@class='myTokens']Looping when the following xpath does not show up://div[@class='myTokens']Looping when the following xpath does not show up://div[@class='myTokens']Looping when the following xpath does not show up://div[@class='myTokens']Looping when the following xpath does not show up://div[@class='myTokens']Looping when the following xpath does not show up://div[@class='myTokens']Looping when the following xpath does not show up://div[@class='myTokens']Looping when the following xpath does not show up://div[@class='myTokens']Looping when the following xpath does not show up://div[@class='myTokens']Looping when the following xpath does not show up://div[@class='myTokens']Looping when the following xpath does not show up://div[@class='myTokens']Looping when the following xpath does not show up://div[@class='myTokens']Looping when the following xpath does not show up://div[@class='myTokens']Looping when the following xpath does not show up://div[@class='myTokens']Looping when the following xpath does not show up://div[@class='myTokens']Looping when the following xpath does not show up://div[@class='myTokens']Looping when the following xpath does not show up://div[@class='myTokens']Looping when the following xpath does not show up://div[@class='myTokens']Looping when the following xpath does not show up://div[@class='myTokens']Looping when the following xpath does not show up://div[@class='myTokens']Looping when the following xpath does not show up://div[@class='myTokens']Looping when the following xpath does not show up://div[@class='myTokens']Looping when the following xpath does not show up://div[@class='myTokens']Looping when the following xpath does not show up://div[@class='myTokens']Looping when the following xpath does not show up://div[@class='myTokens']Looping when the following xpath does not show up://div[@class='myTokens']Looping when the following xpath does not show up://div[@class='myTokens']Looping when the following xpath does not show up://div[@class='myTokens']Looping when the following xpath does not show up://div[@class='myTokens']Looping when the following xpath does not show up://div[@class='myTokens']Looping when the following xpath does not show up://div[@class='myTokens']Looping when the following xpath does not show up://div[@class='myTokens']Looping when the following xpath does not show up://div[@class='myTokens']Looping when the following xpath does not show up://div[@class='myTokens']Looping when the following xpath does not show up://div[@class='myTokens']Looping when the following xpath does not show up://div[@class='myTokens']Looping when the following xpath does not show up://div[@class='myTokens']Looping when the following xpath does not show up://div[@class='myTokens']Looping when the following xpath does not show up://div[@class='myTokens']Looping when the following xpath does not show up://div[@class='myTokens']Looping when the following xpath does not show up://div[@class='myTokens']Looping when the following xpath does not show up://div[@class='myTokens']Looping when the following xpath does not show up://div[@class='myTokens']Looping when the following xpath does not show up://div[@class='myTokens']Looping when the following xpath does not show up://div[@class='myTokens']Looping when the following xpath does not show up://div[@class='myTokens']Looping when the following xpath does not show up://div[@class='myTokens']Looping when the following xpath does not show up://div[@class='myTokens']Looping when the following xpath does not show up://div[@class='myTokens']Looping when the following xpath does not show up://div[@class='myTokens']Looping when the following xpath does not show up://div[@class='myTokens']Looping when the following xpath does not show up://div[@class='myTokens']Looping when the following xpath does not show up://div[@class='myTokens']Looping when the following xpath does not show up://div[@class='myTokens']Looping when the following xpath does not show up://div[@class='myTokens']Looping when the following xpath does not show up://div[@class='myTokens']Looping when the following xpath does not show up://div[@class='myTokens']Looping when the following xpath does not show up://div[@class='myTokens']Looping when the following xpath does not show up://div[@class='myTokens']Looping when the following xpath does not show up://div[@class='myTokens']Looping when the following xpath does not show up://div[@class='myTokens']Looping when the following xpath does not show up://div[@class='myTokens']Looping when the following xpath does not show up://div[@class='myTokens']Looping when the following xpath does not show up://div[@class='myTokens']Looping when the following xpath does not show up://div[@class='myTokens']Looping when the following xpath does not show up://div[@class='myTokens']Looping when the following xpath does not show up://div[@class='myTokens']Looping when the following xpath does not show up://div[@class='myTokens']Looping when the following xpath does not show up://div[@class='myTokens']Looping when the following xpath does not show up://div[@class='myTokens']Looping when the following xpath does not show up://div[@class='myTokens']Looping when the following xpath does not show up://div[@class='myTokens']Looping when the following xpath does not show up://div[@class='myTokens']Looping when the following xpath does not show up://div[@class='myTokens']Looping when the following xpath does not show up://div[@class='myTokens']Looping when the following xpath does not show up://div[@class='myTokens']Looping when the following xpath does not show up://div[@class='myTokens']Looping when the following xpath does not show up://div[@class='myTokens']Looping when the following xpath does not show up://div[@class='myTokens']Looping when the following xpath does not show up://div[@class='myTokens']Looping when the following xpath does not show up://div[@class='myTokens']Looping when the following xpath does not show up://div[@class='myTokens']Looping when the following xpath does not show up://div[@class='myTokens']Looping when the following xpath does not show up://div[@class='myTokens']Looping when the following xpath does not show up://div[@class='myTokens']Looping when the following xpath does not show up://div[@class='myTokens']Looping when the following xpath does not show up://div[@class='myTokens']Looping when the following xpath does not show up://div[@class='myTokens']Looping when the following xpath does not show up://div[@class='myTokens']Looping when the following xpath does not show up://div[@class='myTokens']Looping when the following xpath does not show up://div[@class='myTokens']Looping when the following xpath does not show up://div[@class='myTokens']Looping when the following xpath does not show up://div[@class='myTokens']Looping when the following xpath does not show up://div[@class='myTokens']Looping when the following xpath does not show up://div[@class='myTokens']Looping when the following xpath does not show up://div[@class='myTokens']Looping when the following xpath does not show up://div[@class='myTokens']Looping when the following xpath does not show up://div[@class='myTokens']Looping when the following xpath does not show up://div[@class='myTokens']Looping when the following xpath does not show up://div[@class='myTokens']Looping when the following xpath does not show up://div[@class='myTokens']Looping when the following xpath does not show up://div[@class='myTokens']Looping when the following xpath does not show up://div[@class='myTokens']Looping when the following xpath does not show up://div[@class='myTokens']Looping when the following xpath does not show up://div[@class='myTokens']Looping when the following xpath does not show up://div[@class='myTokens']Looping when the following xpath does not show up://div[@class='myTokens']Looping when the following xpath does not show up://div[@class='myTokens']Looping when the following xpath does not show up://div[@class='myTokens']Looping when the following xpath does not show up://div[@class='myTokens']Looping when the following xpath does not show up://div[@class='myTokens']Looping when the following xpath does not show up://div[@class='myTokens']Looping when the following xpath does not show up://div[@class='myTokens']Looping when the following xpath does not show up://div[@class='myTokens']Looping when the following xpath does not show up://div[@class='myTokens']Looping when the following xpath does not show up://div[@class='myTokens']Looping when the following xpath does not show up://div[@class='myTokens']Looping when the following xpath does not show up://div[@class='myTokens']Looping when the following xpath does not show up://div[@class='myTokens']Looping when the following xpath does not show up://div[@class='myTokens']Looping when the following xpath does not show up://div[@class='myTokens']Looping when the following xpath does not show up://div[@class='myTokens']Looping when the following xpath does not show up://div[@class='myTokens']Looping when the following xpath does not show up://div[@class='myTokens']Looping when the following xpath does not show up://div[@class='myTokens']Looping when the following xpath does not show up://div[@class='myTokens']Looping when the following xpath does not show up://div[@class='myTokens']Looping when the following xpath does not show up://div[@class='myTokens']Looping when the following xpath does not show up://div[@class='myTokens']Looping when the following xpath does not show up://div[@class='myTokens']Looping when the following xpath does not show up://div[@class='myTokens']Looping when the following xpath does not show up://div[@class='myTokens']Looping when the following xpath does not show up://div[@class='myTokens']Looping when the following xpath does not show up://div[@class='myTokens']Looping when the following xpath does not show up://div[@class='myTokens']Looping when the following xpath does not show up://div[@class='myTokens']Looping when the following xpath does not show up://div[@class='myTokens']Looping when the following xpath does not show up://div[@class='myTokens']Looping when the following xpath does not show up://div[@class='myTokens']Looping when the following xpath does not show up://div[@class='myTokens']Looping when the following xpath does not show up://div[@class='myTokens']Looping when the following xpath does not show up://div[@class='myTokens']Looping when the following xpath does not show up://div[@class='myTokens']Looping when the following xpath does not show up://div[@class='myTokens']Looping when the following xpath does not show up://div[@class='myTokens']Looping when the following xpath does not show up://div[@class='myTokens']Looping when the following xpath does not show up://div[@class='myTokens']Looping when the following xpath does not show up://div[@class='myTokens']Looping when the following xpath does not show up://div[@class='myTokens']Looping when the following xpath does not show up://div[@class='myTokens']Looping when the following xpath does not show up://div[@class='myTokens']Looping when the following xpath does not show up://div[@class='myTokens']Looping when the following xpath does not show up://div[@class='myTokens']Looping when the following xpath does not show up://div[@class='myTokens']Looping when the following xpath does not show up://div[@class='myTokens']Looping when the following xpath does not show up://div[@class='myTokens']Looping when the following xpath does not show up://div[@class='myTokens']Looping when the following xpath does not show up://div[@class='myTokens']Looping when the following xpath does not show up://div[@class='myTokens']Looping when the following xpath does not show up://div[@class='myTokens']Looping when the following xpath does not show up://div[@class='myTokens']Looping when the following xpath does not show up://div[@class='myTokens']Looping when the following xpath does not show up://div[@class='myTokens']Looping when the following xpath does not show up://div[@class='myTokens']Looping when the following xpath does not show up://div[@class='myTokens']Looping when the following xpath does not show up://div[@class='myTokens']Looping when the following xpath does not show up://div[@class='myTokens']Looping when the following xpath does not show up://div[@class='myTokens']Looping when the following xpath does not show up://div[@class='myTokens']Looping when the following xpath does not show up://div[@class='myTokens']Looping when the following xpath does not show up://div[@class='myTokens']Looping when the following xpath does not show up://div[@class='myTokens']Looping when the following xpath does not show up://div[@class='myTokens']Looping when the following xpath does not show up://div[@class='myTokens']Looping when the following xpath does not show up://div[@class='myTokens']Looping when the following xpath does not show up://div[@class='myTokens']Looping when the following xpath does not show up://div[@class='myTokens']Looping when the following xpath does not show up://div[@class='myTokens']Looping when the following xpath does not show up://div[@class='myTokens']Looping when the following xpath does not show up://div[@class='myTokens']Looping when the following xpath does not show up://div[@class='myTokens']Looping when the following xpath does not show up://div[@class='myTokens']Looping when the following xpath does not show up://div[@class='myTokens']Looping when the following xpath does not show up://div[@class='myTokens']Looping when the following xpath does not show up://div[@class='myTokens']Looping when the following xpath does not show up://div[@class='myTokens']Looping when the following xpath does not show up://div[@class='myTokens']Looping when the following xpath does not show up://div[@class='myTokens']Looping when the following xpath does not show up://div[@class='myTokens']Looping when the following xpath does not show up://div[@class='myTokens']Looping when the following xpath does not show up://div[@class='myTokens']Looping when the following xpath does not show up://div[@class='myTokens']Looping when the following xpath does not show up://div[@class='myTokens']Looping when the following xpath does not show up://div[@class='myTokens']Looping when the following xpath does not show up://div[@class='myTokens']Looping when the following xpath does not show up://div[@class='myTokens']Looping when the following xpath does not show up://div[@class='myTokens']Looping when the following xpath does not show up://div[@class='myTokens']Looping when the following xpath does not show up://div[@class='myTokens']Looping when the following xpath does not show up://div[@class='myTokens']Looping when the following xpath does not show up://div[@class='myTokens']Looping when the following xpath does not show up://div[@class='myTokens']Looping when the following xpath does not show up://div[@class='myTokens']Looping when the following xpath does not show up://div[@class='myTokens']Looping when the following xpath does not show up://div[@class='myTokens']Looping when the following xpath does not show up://div[@class='myTokens']Looping when the following xpath does not show up://div[@class='myTokens']Looping when the following xpath does not show up://div[@class='myTokens']Looping when the following xpath does not show up://div[@class='myTokens']Looping when the following xpath does not show up://div[@class='myTokens']Looping when the following xpath does not show up://div[@class='myTokens']Looping when the following xpath does not show up://div[@class='myTokens']Looping when the following xpath does not show up://div[@class='myTokens']Looping when the following xpath does not show up://div[@class='myTokens']Looping when the following xpath does not show up://div[@class='myTokens']Looping when the following xpath does not show up://div[@class='myTokens']Looping when the following xpath does not show up://div[@class='myTokens']Looping when the following xpath does not show up://div[@class='myTokens']Looping when the following xpath does not show up://div[@class='myTokens']Looping when the following xpath does not show up://div[@class='myTokens']Looping when the following xpath does not show up://div[@class='myTokens']Looping when the following xpath does not show up://div[@class='myTokens']Looping when the following xpath does not show up://div[@class='myTokens']Looping when the following xpath does not show up://div[@class='myTokens']Looping when the following xpath does not show up://div[@class='myTokens']Looping when the following xpath does not show up://div[@class='myTokens']Looping when the following xpath does not show up://div[@class='myTokens']Looping when the following xpath does not show up://div[@class='myTokens']Looping when the following xpath does not show up://div[@class='myTokens']Looping when the following xpath does not show up://div[@class='myTokens']Looping when the following xpath does not show up://div[@class='myTokens']Looping when the following xpath does not show up://div[@class='myTokens']Looping when the following xpath does not show up://div[@class='myTokens']Looping when the following xpath does not show up://div[@class='myTokens']Looping when the following xpath does not show up://div[@class='myTokens']Looping when the following xpath does not show up://div[@class='myTokens']Looping when the following xpath does not show up://div[@class='myTokens']Looping when the following xpath does not show up://div[@class='myTokens']Looping when the following xpath does not show up://div[@class='myTokens']Looping when the following xpath does not show up://div[@class='myTokens']Looping when the following xpath does not show up://div[@class='myTokens']Looping when the following xpath does not show up://div[@class='myTokens']Looping when the following xpath does not show up://div[@class='myTokens']Looping when the following xpath does not show up://div[@class='myTokens']Looping when the following xpath does not show up://div[@class='myTokens']Looping when the following xpath does not show up://div[@class='myTokens']Looping when the following xpath does not show up://div[@class='myTokens']Looping when the following xpath does not show up://div[@class='myTokens']Looping when the following xpath does not show up://div[@class='myTokens']Looping when the following xpath does not show up://div[@class='myTokens']Looping when the following xpath does not show up://div[@class='myTokens']Looping when the following xpath does not show up://div[@class='myTokens']Looping when the following xpath does not show up://div[@class='myTokens']Looping when the following xpath does not show up://div[@class='myTokens']Looping when the following xpath does not show up://div[@class='myTokens']Looping when the following xpath does not show up://div[@class='myTokens']Looping when the following xpath does not show up://div[@class='myTokens']Looping when the following xpath does not show up://div[@class='myTokens']Looping when the following xpath does not show up://div[@class='myTokens']Looping when the following xpath does not show up://div[@class='myTokens']Looping when the following xpath does not show up://div[@class='myTokens']Looping when the following xpath does not show up://div[@class='myTokens']Looping when the following xpath does not show up://div[@class='myTokens']Looping when the following xpath does not show up://div[@class='myTokens']Looping when the following xpath does not show up://div[@class='myTokens']Looping when the following xpath does not show up://div[@class='myTokens']Looping when the following xpath does not show up://div[@class='myTokens']Looping when the following xpath does not show up://div[@class='myTokens']Looping when the following xpath does not show up://div[@class='myTokens']Looping when the following xpath does not show up://div[@class='myTokens']Looping when the following xpath does not show up://div[@class='myTokens']Looping when the following xpath does not show up://div[@class='myTokens']Looping when the following xpath does not show up://div[@class='myTokens']Looping when the following xpath does not show up://div[@class='myTokens']Looping when the following xpath does not show up://div[@class='myTokens']Looping when the following xpath does not show up://div[@class='myTokens']Looping when the following xpath does not show up://div[@class='myTokens']Looping when the following xpath does not show up://div[@class='myTokens']Looping when the following xpath does not show up://div[@class='myTokens']Looping when the following xpath does not show up://div[@class='myTokens']Looping when the following xpath does not show up://div[@class='myTokens']Looping when the following xpath does not show up://div[@class='myTokens']Looping when the following xpath does not show up://div[@class='myTokens']Looping when the following xpath does not show up://div[@class='myTokens']Looping when the following xpath does not show up://div[@class='myTokens']Looping when the following xpath does not show up://div[@class='myTokens']Looping when the following xpath does not show up://div[@class='myTokens']Looping when the following xpath does not show up://div[@class='myTokens']Looping when the following xpath does not show up://div[@class='myTokens']Looping when the following xpath does not show up://div[@class='myTokens']Looping when the following xpath does not show up://div[@class='myTokens']Looping when the following xpath does not show up://div[@class='myTokens']Looping when the following xpath does not show up://div[@class='myTokens']Looping when the following xpath does not show up://div[@class='myTokens']Looping when the following xpath does not show up://div[@class='myTokens']Looping when the following xpath does not show up://div[@class='myTokens']Looping when the following xpath does not show up://div[@class='myTokens']Looping when the following xpath does not show up://div[@class='myTokens']Looping when the following xpath does not show up://div[@class='myTokens']Looping when the following xpath does not show up://div[@class='myTokens']Looping when the following xpath does not show up://div[@class='myTokens']Looping when the following xpath does not show up://div[@class='myTokens']Looping when the following xpath does not show up://div[@class='myTokens']Looping when the following xpath does not show up://div[@class='myTokens']Looping when the following xpath does not show up://div[@class='myTokens']Looping when the following xpath does not show up://div[@class='myTokens']Looping when the following xpath does not show up://div[@class='myTokens']Looping when the following xpath does not show up://div[@class='myTokens']Looping when the following xpath does not show up://div[@class='myTokens']Looping when the following xpath does not show up://div[@class='myTokens']Looping when the following xpath does not show up://div[@class='myTokens']Looping when the following xpath does not show up://div[@class='myTokens']Looping when the following xpath does not show up://div[@class='myTokens']Looping when the following xpath does not show up://div[@class='myTokens']Looping when the following xpath does not show up://div[@class='myTokens']Looping when the following xpath does not show up://div[@class='myTokens']Looping when the following xpath does not show up://div[@class='myTokens']Looping when the following xpath does not show up://div[@class='myTokens']Looping when the following xpath does not show up://div[@class='myTokens']Looping when the following xpath does not show up://div[@class='myTokens']Looping when the following xpath does not show up://div[@class='myTokens']Looping when the following xpath does not show up://div[@class='myTokens']Looping when the following xpath does not show up://div[@class='myTokens']Looping when the following xpath does not show up://div[@class='myTokens']Looping when the following xpath does not show up://div[@class='myTokens']Looping when the following xpath does not show up://div[@class='myTokens']Looping when the following xpath does not show up://div[@class='myTokens']Looping when the following xpath does not show up://div[@class='myTokens']Looping when the following xpath does not show up://div[@class='myTokens']Looping when the following xpath does not show up://div[@class='myTokens']Looping when the following xpath does not show up://div[@class='myTokens']Looping when the following xpath does not show up://div[@class='myTokens']Looping when the following xpath does not show up://div[@class='myTokens']Looping when the following xpath does not show up://div[@class='myTokens']Looping when the following xpath does not show up://div[@class='myTokens']Looping when the following xpath does not show up://div[@class='myTokens']Looping when the following xpath does not show up://div[@class='myTokens']Looping when the following xpath does not show up://div[@class='myTokens']Looping when the following xpath does not show up://div[@class='myTokens']Looping when the following xpath does not show up://div[@class='myTokens']Looping when the following xpath does not show up://div[@class='myTokens']Looping when the following xpath does not show up://div[@class='myTokens']Looping when the following xpath does not show up://div[@class='myTokens']Looping when the following xpath does not show up://div[@class='myTokens']Looping when the following xpath does not show up://div[@class='myTokens']Looping when the following xpath does not show up://div[@class='myTokens']Looping when the following xpath does not show up://div[@class='myTokens']Looping when the following xpath does not show up://div[@class='myTokens']Looping when the following xpath does not show up://div[@class='myTokens']Looping when the following xpath does not show up://div[@class='myTokens']Looping when the following xpath does not show up://div[@class='myTokens']Looping when the following xpath does not show up://div[@class='myTokens']Looping when the following xpath does not show up://div[@class='myTokens']Looping when the following xpath does not show up://div[@class='myTokens']Looping when the following xpath does not show up://div[@class='myTokens']Looping when the following xpath does not show up://div[@class='myTokens']Looping when the following xpath does not show up://div[@class='myTokens']Looping when the following xpath does not show up://div[@class='myTokens']Looping when the following xpath does not show up://div[@class='myTokens']Looping when the following xpath does not show up://div[@class='myTokens']Looping when the following xpath does not show up://div[@class='myTokens']Looping when the following xpath does not show up://div[@class='myTokens']Looping when the following xpath does not show up://div[@class='myTokens']Looping when the following xpath does not show up://div[@class='myTokens']Looping when the following xpath does not show up://div[@class='myTokens']Looping when the following xpath does not show up://div[@class='myTokens']Looping when the following xpath does not show up://div[@class='myTokens']Looping when the following xpath does not show up://div[@class='myTokens']Looping when the following xpath does not show up://div[@class='myTokens']Looping when the following xpath does not show up://div[@class='myTokens']Looping when the following xpath does not show up://div[@class='myTokens']Looping when the following xpath does not show up://div[@class='myTokens']Looping when the following xpath does not show up://div[@class='myTokens']Looping when the following xpath does not show up://div[@class='myTokens']Looping when the following xpath does not show up://div[@class='myTokens']Looping when the following xpath does not show up://div[@class='myTokens']Looping when the following xpath does not show up://div[@class='myTokens']Looping when the following xpath does not show up://div[@class='myTokens']Looping when the following xpath does not show up://div[@class='myTokens']Looping when the following xpath does not show up://div[@class='myTokens']Looping when the following xpath does not show up://div[@class='myTokens']Looping when the following xpath does not show up://div[@class='myTokens']Looping when the following xpath does not show up://div[@class='myTokens']Looping when the following xpath does not show up://div[@class='myTokens']Looping when the following xpath does not show up://div[@class='myTokens']Looping when the following xpath does not show up://div[@class='myTokens']Looping when the following xpath does not show up://div[@class='myTokens']Looping when the following xpath does not show up://div[@class='myTokens']Looping when the following xpath does not show up://div[@class='myTokens']Looping when the following xpath does not show up://div[@class='myTokens']Looping when the following xpath does not show up://div[@class='myTokens']Looping when the following xpath does not show up://div[@class='myTokens']Looping when the following xpath does not show up://div[@class='myTokens']Looping when the following xpath does not show up://div[@class='myTokens']Looping when the following xpath does not show up://div[@class='myTokens']Looping when the following xpath does not show up://div[@class='myTokens']Looping when the following xpath does not show up://div[@class='myTokens']Looping when the following xpath does not show up://div[@class='myTokens']Looping when the following xpath does not show up://div[@class='myTokens']Looping when the following xpath does not show up://div[@class='myTokens']Looping when the following xpath does not show up://div[@class='myTokens']Looping when the following xpath does not show up://div[@class='myTokens']Looping when the following xpath does not show up://div[@class='myTokens']Looping when the following xpath does not show up://div[@class='myTokens']Looping when the following xpath does not show up://div[@class='myTokens']Looping when the following xpath does not show up://div[@class='myTokens']Looping when the following xpath does not show up://div[@class='myTokens']Looping when the following xpath does not show up://div[@class='myTokens']Looping when the following xpath does not show up://div[@class='myTokens']Looping when the following xpath does not show up://div[@class='myTokens']Looping when the following xpath does not show up://div[@class='myTokens']Looping when the following xpath does not show up://div[@class='myTokens']Looping when the following xpath does not show up://div[@class='myTokens']Looping when the following xpath does not show up://div[@class='myTokens']Looping when the following xpath does not show up://div[@class='myTokens']Looping when the following xpath does not show up://div[@class='myTokens']Looping when the following xpath does not show up://div[@class='myTokens']Looping when the following xpath does not show up://div[@class='myTokens']Looping when the following xpath does not show up://div[@class='myTokens']Looping when the following xpath does not show up://div[@class='myTokens']Looping when the following xpath does not show up://div[@class='myTokens']Looping when the following xpath does not show up://div[@class='myTokens']Looping when the following xpath does not show up://div[@class='myTokens']Looping when the following xpath does not show up://div[@class='myTokens']Looping when the following xpath does not show up://div[@class='myTokens']Looping when the following xpath does not show up://div[@class='myTokens']Looping when the following xpath does not show up://div[@class='myTokens']Looping when the following xpath does not show up://div[@class='myTokens']Looping when the following xpath does not show up://div[@class='myTokens']Looping when the following xpath does not show up://div[@class='myTokens']Looping when the following xpath does not show up://div[@class='myTokens']Looping when the following xpath does not show up://div[@class='myTokens']Looping when the following xpath does not show up://div[@class='myTokens']Looping when the following xpath does not show up://div[@class='myTokens']Looping when the following xpath does not show up://div[@class='myTokens']Looping when the following xpath does not show up://div[@class='myTokens']Looping when the following xpath does not show up://div[@class='myTokens']Looping when the following xpath does not show up://div[@class='myTokens']Looping when the following xpath does not show up://div[@class='myTokens']Looping when the following xpath does not show up://div[@class='myTokens']Looping when the following xpath does not show up://div[@class='myTokens']Looping when the following xpath does not show up://div[@class='myTokens']Looping when the following xpath does not show up://div[@class='myTokens']Looping when the following xpath does not show up://div[@class='myTokens']Looping when the following xpath does not show up://div[@class='myTokens']Looping when the following xpath does not show up://div[@class='myTokens']Looping when the following xpath does not show up://div[@class='myTokens']Looping when the following xpath does not show up://div[@class='myTokens']Looping when the following xpath does not show up://div[@class='myTokens']Looping when the following xpath does not show up://div[@class='myTokens']Looping when the following xpath does not show up://div[@class='myTokens']Looping when the following xpath does not show up://div[@class='myTokens']Looping when the following xpath does not show up://div[@class='myTokens']Looping when the following xpath does not show up://div[@class='myTokens']Looping when the following xpath does not show up://div[@class='myTokens']Looping when the following xpath does not show up://div[@class='myTokens']Looping when the following xpath does not show up://div[@class='myTokens']Looping when the following xpath does not show up://div[@class='myTokens']Looping when the following xpath does not show up://div[@class='myTokens']Looping when the following xpath does not show up://div[@class='myTokens']Looping when the following xpath does not show up://div[@class='myTokens']Looping when the following xpath does not show up://div[@class='myTokens']Looping when the following xpath does not show up://div[@class='myTokens']Looping when the following xpath does not show up://div[@class='myTokens']Looping when the following xpath does not show up://div[@class='myTokens']Looping when the following xpath does not show up://div[@class='myTokens']Looping when the following xpath does not show up://div[@class='myTokens']Looping when the following xpath does not show up://div[@class='myTokens']Looping when the following xpath does not show up://div[@class='myTokens']Looping when the following xpath does not show up://div[@class='myTokens']Looping when the following xpath does not show up://div[@class='myTokens']Looping when the following xpath does not show up://div[@class='myTokens']Looping when the following xpath does not show up://div[@class='myTokens']Looping when the following xpath does not show up://div[@class='myTokens']Looping when the following xpath does not show up://div[@class='myTokens']Looping when the following xpath does not show up://div[@class='myTokens']Looping when the following xpath does not show up://div[@class='myTokens']Looping when the following xpath does not show up://div[@class='myTokens']Looping when the following xpath does not show up://div[@class='myTokens']Looping when the following xpath does not show up://div[@class='myTokens']Looping when the following xpath does not show up://div[@class='myTokens']Looping when the following xpath does not show up://div[@class='myTokens']Looping when the following xpath does not show up://div[@class='myTokens']Looping when the following xpath does not show up://div[@class='myTokens']Looping when the following xpath does not show up://div[@class='myTokens']Looping when the following xpath does not show up://div[@class='myTokens']Looping when the following xpath does not show up://div[@class='myTokens']Looping when the following xpath does not show up://div[@class='myTokens']Looping when the following xpath does not show up://div[@class='myTokens']Looping when the following xpath does not show up://div[@class='myTokens']Looping when the following xpath does not show up://div[@class='myTokens']Looping when the following xpath does not show up://div[@class='myTokens']Looping when the following xpath does not show up://div[@class='myTokens']Looping when the following xpath does not show up://div[@class='myTokens']Looping when the following xpath does not show up://div[@class='myTokens']Looping when the following xpath does not show up://div[@class='myTokens']Looping when the following xpath does not show up://div[@class='myTokens']Looping when the following xpath does not show up://div[@class='myTokens']Looping when the following xpath does not show up://div[@class='myTokens']Looping when the following xpath does not show up://div[@class='myTokens']Looping when the following xpath does not show up://div[@class='myTokens']Looping when the following xpath does not show up://div[@class='myTokens']Looping when the following xpath does not show up://div[@class='myTokens']Looping when the following xpath does not show up://div[@class='myTokens']Looping when the following xpath does not show up://div[@class='myTokens']Looping when the following xpath does not show up://div[@class='myTokens']Looping when the following xpath does not show up://div[@class='myTokens']Looping when the following xpath does not show up://div[@class='myTokens']Looping when the following xpath does not show up://div[@class='myTokens']Looping when the following xpath does not show up://div[@class='myTokens']Looping when the following xpath does not show up://div[@class='myTokens']Looping when the following xpath does not show up://div[@class='myTokens']Looping when the following xpath does not show up://div[@class='myTokens']Looping when the following xpath does not show up://div[@class='myTokens']Looping when the following xpath does not show up://div[@class='myTokens']Looping when the following xpath does not show up://div[@class='myTokens']Looping when the following xpath does not show up://div[@class='myTokens']Looping when the following xpath does not show up://div[@class='myTokens']Looping when the following xpath does not show up://div[@class='myTokens']Looping when the following xpath does not show up://div[@class='myTokens']Looping when the following xpath does not show up://div[@class='myTokens']Looping when the following xpath does not show up://div[@class='myTokens']Looping when the following xpath does not show up://div[@class='myTokens']Looping when the following xpath does not show up://div[@class='myTokens']Looping when the following xpath does not show up://div[@class='myTokens']Looping when the following xpath does not show up://div[@class='myTokens']Looping when the following xpath does not show up://div[@class='myTokens']Looping when the following xpath does not show up://div[@class='myTokens']Looping when the following xpath does not show up://div[@class='myTokens']Looping when the following xpath does not show up://div[@class='myTokens']Looping when the following xpath does not show up://div[@class='myTokens']Looping when the following xpath does not show up://div[@class='myTokens']Looping when the following xpath does not show up://div[@class='myTokens']Looping when the following xpath does not show up://div[@class='myTokens']Looping when the following xpath does not show up://div[@class='myTokens']Looping when the following xpath does not show up://div[@class='myTokens']Looping when the following xpath does not show up://div[@class='myTokens']Looping when the following xpath does not show up://div[@class='myTokens']Looping when the following xpath does not show up://div[@class='myTokens']Looping when the following xpath does not show up://div[@class='myTokens']Looping when the following xpath does not show up://div[@class='myTokens']Looping when the following xpath does not show up://div[@class='myTokens']Looping when the following xpath does not show up://div[@class='myTokens']Looping when the following xpath does not show up://div[@class='myTokens']Looping when the following xpath does not show up://div[@class='myTokens']Looping when the following xpath does not show up://div[@class='myTokens']Looping when the following xpath does not show up://div[@class='myTokens']Looping when the following xpath does not show up://div[@class='myTokens']Looping when the following xpath does not show up://div[@class='myTokens']Looping when the following xpath does not show up://div[@class='myTokens']Looping when the following xpath does not show up://div[@class='myTokens']Looping when the following xpath does not show up://div[@class='myTokens']Looping when the following xpath does not show up://div[@class='myTokens']Looping when the following xpath does not show up://div[@class='myTokens']Looping when the following xpath does not show up://div[@class='myTokens']Looping when the following xpath does not show up://div[@class='myTokens']Looping when the following xpath does not show up://div[@class='myTokens']Looping when the following xpath does not show up://div[@class='myTokens']Looping when the following xpath does not show up://div[@class='myTokens']Looping when the following xpath does not show up://div[@class='myTokens']Looping when the following xpath does not show up://div[@class='myTokens']Looping when the following xpath does not show up://div[@class='myTokens']Looping when the following xpath does not show up://div[@class='myTokens']Looping when the following xpath does not show up://div[@class='myTokens']Looping when the following xpath does not show up://div[@class='myTokens']Looping when the following xpath does not show up://div[@class='myTokens']Looping when the following xpath does not show up://div[@class='myTokens']Looping when the following xpath does not show up://div[@class='myTokens']Looping when the following xpath does not show up://div[@class='myTokens']Looping when the following xpath does not show up://div[@class='myTokens']Looping when the following xpath does not show up://div[@class='myTokens']Looping when the following xpath does not show up://div[@class='myTokens']Looping when the following xpath does not show up://div[@class='myTokens']Looping when the following xpath does not show up://div[@class='myTokens']Looping when the following xpath does not show up://div[@class='myTokens']Looping when the following xpath does not show up://div[@class='myTokens']Looping when the following xpath does not show up://div[@class='myTokens']Looping when the following xpath does not show up://div[@class='myTokens']Looping when the following xpath does not show up://div[@class='myTokens']Looping when the following xpath does not show up://div[@class='myTokens']Looping when the following xpath does not show up://div[@class='myTokens']Looping when the following xpath does not show up://div[@class='myTokens']Looping when the following xpath does not show up://div[@class='myTokens']Looping when the following xpath does not show up://div[@class='myTokens']Looping when the following xpath does not show up://div[@class='myTokens']Looping when the following xpath does not show up://div[@class='myTokens']Looping when the following xpath does not show up://div[@class='myTokens']Looping when the following xpath does not show up://div[@class='myTokens']Looping when the following xpath does not show up://div[@class='myTokens']Looping when the following xpath does not show up://div[@class='myTokens']Looping when the following xpath does not show up://div[@class='myTokens']Looping when the following xpath does not show up://div[@class='myTokens']Looping when the following xpath does not show up://div[@class='myTokens']Looping when the following xpath does not show up://div[@class='myTokens']Looping when the following xpath does not show up://div[@class='myTokens']Looping when the following xpath does not show up://div[@class='myTokens']Looping when the following xpath does not show up://div[@class='myTokens']Looping when the following xpath does not show up://div[@class='myTokens']Looping when the following xpath does not show up://div[@class='myTokens']Looping when the following xpath does not show up://div[@class='myTokens']Looping when the following xpath does not show up://div[@class='myTokens']Looping when the following xpath does not show up://div[@class='myTokens']Looping when the following xpath does not show up://div[@class='myTokens']Looping when the following xpath does not show up://div[@class='myTokens']Looping when the following xpath does not show up://div[@class='myTokens']Looping when the following xpath does not show up://div[@class='myTokens']Looping when the following xpath does not show up://div[@class='myTokens']Looping when the following xpath does not show up://div[@class='myTokens']Looping when the following xpath does not show up://div[@class='myTokens']Looping when the following xpath does not show up://div[@class='myTokens']Looping when the following xpath does not show up://div[@class='myTokens']Looping when the following xpath does not show up://div[@class='myTokens']Looping when the following xpath does not show up://div[@class='myTokens']Looping when the following xpath does not show up://div[@class='myTokens']Looping when the following xpath does not show up://div[@class='myTokens']Looping when the following xpath does not show up://div[@class='myTokens']Looping when the following xpath does not show up://div[@class='myTokens']Looping when the following xpath does not show up://div[@class='myTokens']Looping when the following xpath does not show up://div[@class='myTokens']Looping when the following xpath does not show up://div[@class='myTokens']Looping when the following xpath does not show up://div[@class='myTokens']Looping when the following xpath does not show up://div[@class='myTokens']Looping when the following xpath does not show up://div[@class='myTokens']Looping when the following xpath does not show up://div[@class='myTokens']Looping when the following xpath does not show up://div[@class='myTokens']Looping when the following xpath does not show up://div[@class='myTokens']Looping when the following xpath does not show up://div[@class='myTokens']Looping when the following xpath does not show up://div[@class='myTokens']Looping when the following xpath does not show up://div[@class='myTokens']Looping when the following xpath does not show up://div[@class='myTokens']Looping when the following xpath does not show up://div[@class='myTokens']Looping when the following xpath does not show up://div[@class='myTokens']Looping when the following xpath does not show up://div[@class='myTokens']Looping when the following xpath does not show up://div[@class='myTokens']Looping when the following xpath does not show up://div[@class='myTokens']Looping when the following xpath does not show up://div[@class='myTokens']Looping when the following xpath does not show up://div[@class='myTokens']Looping when the following xpath does not show up://div[@class='myTokens']Looping when the following xpath does not show up://div[@class='myTokens']Looping when the following xpath does not show up://div[@class='myTokens']Looping when the following xpath does not show up://div[@class='myTokens']Looping when the following xpath does not show up://div[@class='myTokens']Looping when the following xpath does not show up://div[@class='myTokens']Looping when the following xpath does not show up://div[@class='myTokens']Looping when the following xpath does not show up://div[@class='myTokens']Looping when the following xpath does not show up://div[@class='myTokens']Looping when the following xpath does not show up://div[@class='myTokens']Looping when the following xpath does not show up://div[@class='myTokens']Looping when the following xpath does not show up://div[@class='myTokens']Looping when the following xpath does not show up://div[@class='myTokens']Looping when the following xpath does not show up://div[@class='myTokens']Looping when the following xpath does not show up://div[@class='myTokens']Looping when the following xpath does not show up://div[@class='myTokens']Looping when the following xpath does not show up://div[@class='myTokens']Looping when the following xpath does not show up://div[@class='myTokens']Looping when the following xpath does not show up://div[@class='myTokens']Looping when the following xpath does not show up://div[@class='myTokens']Looping when the following xpath does not show up://div[@class='myTokens']Looping when the following xpath does not show up://div[@class='myTokens']Looping when the following xpath does not show up://div[@class='myTokens']Looping when the following xpath does not show up://div[@class='myTokens']Looping when the following xpath does not show up://div[@class='myTokens']Looping when the following xpath does not show up://div[@class='myTokens']Looping when the following xpath does not show up://div[@class='myTokens']Looping when the following xpath does not show up://div[@class='myTokens']Looping when the following xpath does not show up://div[@class='myTokens']Looping when the following xpath does not show up://div[@class='myTokens']Looping when the following xpath does not show up://div[@class='myTokens']Looping when the following xpath does not show up://div[@class='myTokens']Looping when the following xpath does not show up://div[@class='myTokens']Looping when the following xpath does not show up://div[@class='myTokens']Looping when the following xpath does not show up://div[@class='myTokens']Looping when the following xpath does not show up://div[@class='myTokens']Looping when the following xpath does not show up://div[@class='myTokens']Looping when the following xpath does not show up://div[@class='myTokens']Looping when the following xpath does not show up://div[@class='myTokens']Looping when the following xpath does not show up://div[@class='myTokens']Looping when the following xpath does not show up://div[@class='myTokens']Looping when the following xpath does not show up://div[@class='myTokens']Looping when the following xpath does not show up://div[@class='myTokens']Looping when the following xpath does not show up://div[@class='myTokens']Looping when the following xpath does not show up://div[@class='myTokens']Looping when the following xpath does not show up://div[@class='myTokens']Looping when the following xpath does not show up://div[@class='myTokens']Looping when the following xpath does not show up://div[@class='myTokens']Looping when the following xpath does not show up://div[@class='myTokens']Looping when the following xpath does not show up://div[@class='myTokens']Looping when the following xpath does not show up://div[@class='myTokens']Looping when the following xpath does not show up://div[@class='myTokens']Looping when the following xpath does not show up://div[@class='myTokens']Looping when the following xpath does not show up://div[@class='myTokens']Looping when the following xpath does not show up://div[@class='myTokens']Looping when the following xpath does not show up://div[@class='myTokens']Looping when the following xpath does not show up://div[@class='myTokens']Looping when the following xpath does not show up://div[@class='myTokens']Looping when the following xpath does not show up://div[@class='myTokens']Looping when the following xpath does not show up://div[@class='myTokens']Looping when the following xpath does not show up://div[@class='myTokens']Looping when the following xpath does not show up://div[@class='myTokens']Looping when the following xpath does not show up://div[@class='myTokens']Looping when the following xpath does not show up://div[@class='myTokens']Looping when the following xpath does not show up://div[@class='myTokens']Looping when the following xpath does not show up://div[@class='myTokens']Looping when the following xpath does not show up://div[@class='myTokens']Looping when the following xpath does not show up://div[@class='myTokens']Looping when the following xpath does not show up://div[@class='myTokens']Looping when the following xpath does not show up://div[@class='myTokens']Looping when the following xpath does not show up://div[@class='myTokens']Looping when the following xpath does not show up://div[@class='myTokens']Looping when the following xpath does not show up://div[@class='myTokens']Looping when the following xpath does not show up://div[@class='myTokens']Looping when the following xpath does not show up://div[@class='myTokens']Looping when the following xpath does not show up://div[@class='myTokens']Looping when the following xpath does not show up://div[@class='myTokens']Looping when the following xpath does not show up://div[@class='myTokens']Looping when the following xpath does not show up://div[@class='myTokens']Looping when the following xpath does not show up://div[@class='myTokens']Looping when the following xpath does not show up://div[@class='myTokens']Looping when the following xpath does not show up://div[@class='myTokens']Looping when the following xpath does not show up://div[@class='myTokens']Looping when the following xpath does not show up://div[@class='myTokens']Looping when the following xpath does not show up://div[@class='myTokens']Looping when the following xpath does not show up://div[@class='myTokens']Looping when the following xpath does not show up://div[@class='myTokens']Looping when the following xpath does not show up://div[@class='myTokens']Looping when the following xpath does not show up://div[@class='myTokens']Looping when the following xpath does not show up://div[@class='myTokens']Looping when the following xpath does not show up://div[@class='myTokens']Looping when the following xpath does not show up://div[@class='myTokens']Looping when the following xpath does not show up://div[@class='myTokens']Looping when the following xpath does not show up://div[@class='myTokens']Looping when the following xpath does not show up://div[@class='myTokens']Looping when the following xpath does not show up://div[@class='myTokens']Looping when the following xpath does not show up://div[@class='myTokens']Looping when the following xpath does not show up://div[@class='myTokens']Looping when the following xpath does not show up://div[@class='myTokens']Looping when the following xpath does not show up://div[@class='myTokens']Looping when the following xpath does not show up://div[@class='myTokens']Looping when the following xpath does not show up://div[@class='myTokens']Looping when the following xpath does not show up://div[@class='myTokens']Looping when the following xpath does not show up://div[@class='myTokens']Looping when the following xpath does not show up://div[@class='myTokens']Looping when the following xpath does not show up://div[@class='myTokens']Looping when the following xpath does not show up://div[@class='myTokens']Looping when the following xpath does not show up://div[@class='myTokens']Looping when the following xpath does not show up://div[@class='myTokens']Looping when the following xpath does not show up://div[@class='myTokens']Looping when the following xpath does not show up://div[@class='myTokens']Looping when the following xpath does not show up://div[@class='myTokens']Looping when the following xpath does not show up://div[@class='myTokens']Looping when the following xpath does not show up://div[@class='myTokens']Looping when the following xpath does not show up://div[@class='myTokens']Looping when the following xpath does not show up://div[@class='myTokens']Looping when the following xpath does not show up://div[@class='myTokens']Looping when the following xpath does not show up://div[@class='myTokens']Looping when the following xpath does not show up://div[@class='myTokens']Looping when the following xpath does not show up://div[@class='myTokens']Looping when the following xpath does not show up://div[@class='myTokens']Looping when the following xpath does not show up://div[@class='myTokens']Looping when the following xpath does not show up://div[@class='myTokens']Looping when the following xpath does not show up://div[@class='myTokens']Looping when the following xpath does not show up://div[@class='myTokens']Looping when the following xpath does not show up://div[@class='myTokens']Looping when the following xpath does not show up://div[@class='myTokens']Looping when the following xpath does not show up://div[@class='myTokens']Looping when the following xpath does not show up://div[@class='myTokens']Looping when the following xpath does not show up://div[@class='myTokens']Looping when the following xpath does not show up://div[@class='myTokens']Looping when the following xpath does not show up://div[@class='myTokens']Looping when the following xpath does not show up://div[@class='myTokens']Looping when the following xpath does not show up://div[@class='myTokens']Looping when the following xpath does not show up://div[@class='myTokens']Looping when the following xpath does not show up://div[@class='myTokens']Looping when the following xpath does not show up://div[@class='myTokens']Looping when the following xpath does not show up://div[@class='myTokens']Looping when the following xpath does not show up://div[@class='myTokens']Looping when the following xpath does not show up://div[@class='myTokens']Looping when the following xpath does not show up://div[@class='myTokens']Looping when the following xpath does not show up://div[@class='myTokens']Looping when the following xpath does not show up://div[@class='myTokens']Looping when the following xpath does not show up://div[@class='myTokens']Looping when the following xpath does not show up://div[@class='myTokens']Looping when the following xpath does not show up://div[@class='myTokens']Looping when the following xpath does not show up://div[@class='myTokens']Looping when the following xpath does not show up://div[@class='myTokens']Looping when the following xpath does not show up://div[@class='myTokens']Looping when the following xpath does not show up://div[@class='myTokens']Looping when the following xpath does not show up://div[@class='myTokens']Looping when the following xpath does not show up://div[@class='myTokens']Looping when the following xpath does not show up://div[@class='myTokens']Looping when the following xpath does not show up://div[@class='myTokens']Looping when the following xpath does not show up://div[@class='myTokens']Looping when the following xpath does not show up://div[@class='myTokens']Looping when the following xpath does not show up://div[@class='myTokens']Looping when the following xpath does not show up://div[@class='myTokens']Looping when the following xpath does not show up://div[@class='myTokens']Looping when the following xpath does not show up://div[@class='myTokens']Looping when the following xpath does not show up://div[@class='myTokens']Looping when the following xpath does not show up://div[@class='myTokens']Looping when the following xpath does not show up://div[@class='myTokens']Looping when the following xpath does not show up://div[@class='myTokens']Looping when the following xpath does not show up://div[@class='myTokens']Looping when the following xpath does not show up://div[@class='myTokens']Looping when the following xpath does not show up://div[@class='myTokens']Looping when the following xpath does not show up://div[@class='myTokens']Looping when the following xpath does not show up://div[@class='myTokens']Looping when the following xpath does not show up://div[@class='myTokens']Looping when the following xpath does not show up://div[@class='myTokens']Looping when the following xpath does not show up://div[@class='myTokens']Looping when the following xpath does not show up://div[@class='myTokens']Looping when the following xpath does not show up://div[@class='myTokens']Looping when the following xpath does not show up://div[@class='myTokens']Looping when the following xpath does not show up://div[@class='myTokens']Looping when the following xpath does not show up://div[@class='myTokens']Looping when the following xpath does not show up://div[@class='myTokens']Looping when the following xpath does not show up://div[@class='myTokens']Looping when the following xpath does not show up://div[@class='myTokens']Looping when the following xpath does not show up://div[@class='myTokens']Looping when the following xpath does not show up://div[@class='myTokens']Looping when the following xpath does not show up://div[@class='myTokens']Looping when the following xpath does not show up://div[@class='myTokens']Looping when the following xpath does not show up://div[@class='myTokens']Looping when the following xpath does not show up://div[@class='myTokens']Looping when the following xpath does not show up://div[@class='myTokens']Looping when the following xpath does not show up://div[@class='myTokens']Looping when the following xpath does not show up://div[@class='myTokens']Looping when the following xpath does not show up://div[@class='myTokens']Looping when the following xpath does not show up://div[@class='myTokens']Looping when the following xpath does not show up://div[@class='myTokens']Looping when the following xpath does not show up://div[@class='myTokens']Looping when the following xpath does not show up://div[@class='myTokens']Looping when the following xpath does not show up://div[@class='myTokens']Looping when the following xpath does not show up://div[@class='myTokens']Looping when the following xpath does not show up://div[@class='myTokens']Looping when the following xpath does not show up://div[@class='myTokens']Looping when the following xpath does not show up://div[@class='myTokens']Looping when the following xpath does not show up://div[@class='myTokens']Looping when the following xpath does not show up://div[@class='myTokens']Looping when the following xpath does not show up://div[@class='myTokens']Looping when the following xpath does not show up://div[@class='myTokens']Looping when the following xpath does not show up://div[@class='myTokens']Looping when the following xpath does not show up://div[@class='myTokens']Looping when the following xpath does not show up://div[@class='myTokens']Looping when the following xpath does not show up://div[@class='myTokens']Looping when the following xpath does not show up://div[@class='myTokens']Looping when the following xpath does not show up://div[@class='myTokens']Looping when the following xpath does not show up://div[@class='myTokens']Looping when the following xpath does not show up://div[@class='myTokens']Looping when the following xpath does not show up://div[@class='myTokens']Looping when the following xpath does not show up://div[@class='myTokens']Looping when the following xpath does not show up://div[@class='myTokens']Looping when the following xpath does not show up://div[@class='myTokens']Looping when the following xpath does not show up://div[@class='myTokens']Looping when the following xpath does not show up://div[@class='myTokens']Looping when the following xpath does not show up://div[@class='myTokens']Looping when the following xpath does not show up://div[@class='myTokens']Looping when the following xpath does not show up://div[@class='myTokens']Looping when the following xpath does not show up://div[@class='myTokens']Looping when the following xpath does not show up://div[@class='myTokens']Looping when the following xpath does not show up://div[@class='myTokens']Looping when the following xpath does not show up://div[@class='myTokens']Looping when the following xpath does not show up://div[@class='myTokens']Looping when the following xpath does not show up://div[@class='myTokens']Looping when the following xpath does not show up://div[@class='myTokens']Looping when the following xpath does not show up://div[@class='myTokens']Looping when the following xpath does not show up://div[@class='myTokens']Looping when the following xpath does not show up://div[@class='myTokens']Looping when the following xpath does not show up://div[@class='myTokens']Looping when the following xpath does not show up://div[@class='myTokens']Looping when the following xpath does not show up://div[@class='myTokens']Looping when the following xpath does not show up://div[@class='myTokens']Looping when the following xpath does not show up://div[@class='myTokens']Looping when the following xpath does not show up://div[@class='myTokens']Looping when the following xpath does not show up://div[@class='myTokens']Looping when the following xpath does not show up://div[@class='myTokens']Looping when the following xpath does not show up://div[@class='myTokens']Looping when the following xpath does not show up://div[@class='myTokens']Looping when the following xpath does not show up://div[@class='myTokens']Looping when the following xpath does not show up://div[@class='myTokens']Looping when the following xpath does not show up://div[@class='myTokens']Looping when the following xpath does not show up://div[@class='myTokens']Looping when the following xpath does not show up://div[@class='myTokens']Looping when the following xpath does not show up://div[@class='myTokens']Looping when the following xpath does not show up://div[@class='myTokens']Looping when the following xpath does not show up://div[@class='myTokens']Looping when the following xpath does not show up://div[@class='myTokens']Looping when the following xpath does not show up://div[@class='myTokens']Looping when the following xpath does not show up://div[@class='myTokens']Looping when the following xpath does not show up://div[@class='myTokens']Looping when the following xpath does not show up://div[@class='myTokens']Looping when the following xpath does not show up://div[@class='myTokens']Looping when the following xpath does not show up://div[@class='myTokens']Looping when the following xpath does not show up://div[@class='myTokens']Looping when the following xpath does not show up://div[@class='myTokens']Looping when the following xpath does not show up://div[@class='myTokens']Looping when the following xpath does not show up://div[@class='myTokens']Looping when the following xpath does not show up://div[@class='myTokens']Looping when the following xpath does not show up://div[@class='myTokens']Looping when the following xpath does not show up://div[@class='myTokens']Looping when the following xpath does not show up://div[@class='myTokens']Looping when the following xpath does not show up://div[@class='myTokens']Looping when the following xpath does not show up://div[@class='myTokens']Looping when the following xpath does not show up://div[@class='myTokens']Looping when the following xpath does not show up://div[@class='myTokens']Looping when the following xpath does not show up://div[@class='myTokens']Looping when the following xpath does not show up://div[@class='myTokens']Looping when the following xpath does not show up://div[@class='myTokens']Looping when the following xpath does not show up://div[@class='myTokens']Looping when the following xpath does not show up://div[@class='myTokens']Looping when the following xpath does not show up://div[@class='myTokens']Looping when the following xpath does not show up://div[@class='myTokens']Looping when the following xpath does not show up://div[@class='myTokens']Looping when the following xpath does not show up://div[@class='myTokens']Looping when the following xpath does not show up://div[@class='myTokens']Looping when the following xpath does not show up://div[@class='myTokens']Looping when the following xpath does not show up://div[@class='myTokens']Looping when the following xpath does not show up://div[@class='myTokens']Looping when the following xpath does not show up://div[@class='myTokens']Looping when the following xpath does not show up://div[@class='myTokens']Looping when the following xpath does not show up://div[@class='myTokens']Looping when the following xpath does not show up://div[@class='myTokens']Looping when the following xpath does not show up://div[@class='myTokens']Looping when the following xpath does not show up://div[@class='myTokens']Looping when the following xpath does not show up://div[@class='myTokens']Looping when the following xpath does not show up://div[@class='myTokens']Looping when the following xpath does not show up://div[@class='myTokens']Looping when the following xpath does not show up://div[@class='myTokens']Looping when the following xpath does not show up://div[@class='myTokens']Looping when the following xpath does not show up://div[@class='myTokens']Looping when the following xpath does not show up://div[@class='myTokens']Looping when the following xpath does not show up://div[@class='myTokens']Looping when the following xpath does not show up://div[@class='myTokens']Looping when the following xpath does not show up://div[@class='myTokens']Looping when the following xpath does not show up://div[@class='myTokens']Looping when the following xpath does not show up://div[@class='myTokens']Looping when the following xpath does not show up://div[@class='myTokens']Looping when the following xpath does not show up://div[@class='myTokens']Looping when the following xpath does not show up://div[@class='myTokens']Looping when the following xpath does not show up://div[@class='myTokens']Looping when the following xpath does not show up://div[@class='myTokens']Looping when the following xpath does not show up://div[@class='myTokens']Looping when the following xpath does not show up://div[@class='myTokens']Looping when the following xpath does not show up://div[@class='myTokens']Looping when the following xpath does not show up://div[@class='myTokens']Looping when the following xpath does not show up://div[@class='myTokens']Looping when the following xpath does not show up://div[@class='myTokens']Looping when the following xpath does not show up://div[@class='myTokens']Looping when the following xpath does not show up://div[@class='myTokens']Looping when the following xpath does not show up://div[@class='myTokens']Looping when the following xpath does not show up://div[@class='myTokens']Looping when the following xpath does not show up://div[@class='myTokens']Looping when the following xpath does not show up://div[@class='myTokens']Looping when the following xpath does not show up://div[@class='myTokens']Looping when the following xpath does not show up://div[@class='myTokens']Looping when the following xpath does not show up://div[@class='myTokens']Looping when the following xpath does not show up://div[@class='myTokens']Looping when the following xpath does not show up://div[@class='myTokens']Looping when the following xpath does not show up://div[@class='myTokens']Looping when the following xpath does not show up://div[@class='myTokens']Looping when the following xpath does not show up://div[@class='myTokens']Looping when the following xpath does not show up://div[@class='myTokens']Looping when the following xpath does not show up://div[@class='myTokens']Looping when the following xpath does not show up://div[@class='myTokens']Looping when the following xpath does not show up://div[@class='myTokens']Looping when the following xpath does not show up://div[@class='myTokens']Looping when the following xpath does not show up://div[@class='myTokens']Looping when the following xpath does not show up://div[@class='myTokens']Looping when the following xpath does not show up://div[@class='myTokens']Looping when the following xpath does not show up://div[@class='myTokens']Looping when the following xpath does not show up://div[@class='myTokens']Looping when the following xpath does not show up://div[@class='myTokens']Looping when the following xpath does not show up://div[@class='myTokens']Looping when the following xpath does not show up://div[@class='myTokens']Looping when the following xpath does not show up://div[@class='myTokens']Looping when the following xpath does not show up://div[@class='myTokens']Looping when the following xpath does not show up://div[@class='myTokens']Looping when the following xpath does not show up://div[@class='myTokens']Looping when the following xpath does not show up://div[@class='myTokens']Looping when the following xpath does not show up://div[@class='myTokens']Looping when the following xpath does not show up://div[@class='myTokens']Looping when the following xpath does not show up://div[@class='myTokens']Looping when the following xpath does not show up://div[@class='myTokens']Looping when the following xpath does not show up://div[@class='myTokens']Looping when the following xpath does not show up://div[@class='myTokens']Looping when the following xpath does not show up://div[@class='myTokens']Looping when the following xpath does not show up://div[@class='myTokens']Looping when the following xpath does not show up://div[@class='myTokens']Looping when the following xpath does not show up://div[@class='myTokens']Looping when the following xpath does not show up://div[@class='myTokens']Looping when the following xpath does not show up://div[@class='myTokens']Looping when the following xpath does not show up://div[@class='myTokens']Looping when the following xpath does not show up://div[@class='myTokens']Looping when the following xpath does not show up://div[@class='myTokens']Looping when the following xpath does not show up://div[@class='myTokens']Looping when the following xpath does not show up://div[@class='myTokens']Looping when the following xpath does not show up://div[@class='myTokens']Looping when the following xpath does not show up://div[@class='myTokens']Looping when the following xpath does not show up://div[@class='myTokens']Looping when the following xpath does not show up://div[@class='myTokens']Looping when the following xpath does not show up://div[@class='myTokens']Looping when the following xpath does not show up://div[@class='myTokens']Looping when the following xpath does not show up://div[@class='myTokens']Looping when the following xpath does not show up://div[@class='myTokens']Looping when the following xpath does not show up://div[@class='myTokens']Looping when the following xpath does not show up://div[@class='myTokens']Looping when the following xpath does not show up://div[@class='myTokens']Looping when the following xpath does not show up://div[@class='myTokens']Looping when the following xpath does not show up://div[@class='myTokens']Looping when the following xpath does not show up://div[@class='myTokens']Looping when the following xpath does not show up://div[@class='myTokens']Looping when the following xpath does not show up://div[@class='myTokens']Looping when the following xpath does not show up://div[@class='myTokens']Looping when the following xpath does not show up://div[@class='myTokens']Looping when the following xpath does not show up://div[@class='myTokens']Looping when the following xpath does not show up://div[@class='myTokens']Looping when the following xpath does not show up://div[@class='myTokens']Looping when the following xpath does not show up://div[@class='myTokens']Looping when the following xpath does not show up://div[@class='myTokens']Looping when the following xpath does not show up://div[@class='myTokens']Looping when the following xpath does not show up://div[@class='myTokens']Looping when the following xpath does not show up://div[@class='myTokens']Looping when the following xpath does not show up://div[@class='myTokens']Looping when the following xpath does not show up://div[@class='myTokens']Looping when the following xpath does not show up://div[@class='myTokens']Looping when the following xpath does not show up://div[@class='myTokens']Looping when the following xpath does not show up://div[@class='myTokens']Looping when the following xpath does not show up://div[@class='myTokens']Looping when the following xpath does not show up://div[@class='myTokens']Looping when the following xpath does not show up://div[@class='myTokens']Looping when the following xpath does not show up://div[@class='myTokens']Looping when the following xpath does not show up://div[@class='myTokens']Looping when the following xpath does not show up://div[@class='myTokens']Looping when the following xpath does not show up://div[@class='myTokens']Looping when the following xpath does not show up://div[@class='myTokens']Looping when the following xpath does not show up://div[@class='myTokens']Looping when the following xpath does not show up://div[@class='myTokens']Looping when the following xpath does not show up://div[@class='myTokens']Looping when the following xpath does not show up://div[@class='myTokens']Looping when the following xpath does not show up://div[@class='myTokens']Looping when the following xpath does not show up://div[@class='myTokens']Looping when the following xpath does not show up://div[@class='myTokens']Looping when the following xpath does not show up://div[@class='myTokens']Looping when the following xpath does not show up://div[@class='myTokens']Looping when the following xpath does not show up://div[@class='myTokens']Looping when the following xpath does not show up://div[@class='myTokens']Looping when the following xpath does not show up://div[@class='myTokens']Looping when the following xpath does not show up://div[@class='myTokens']Looping when the following xpath does not show up://div[@class='myTokens']Looping when the following xpath does not show up://div[@class='myTokens']Looping when the following xpath does not show up://div[@class='myTokens']Looping when the following xpath does not show up://div[@class='myTokens']Looping when the following xpath does not show up://div[@class='myTokens']Looping when the following xpath does not show up://div[@class='myTokens']Looping when the following xpath does not show up://div[@class='myTokens']Looping when the following xpath does not show up://div[@class='myTokens']Looping when the following xpath does not show up://div[@class='myTokens']Looping when the following xpath does not show up://div[@class='myTokens']Looping when the following xpath does not show up://div[@class='myTokens']Looping when the following xpath does not show up://div[@class='myTokens']Looping when the following xpath does not show up://div[@class='myTokens']Looping when the following xpath does not show up://div[@class='myTokens']Looping when the following xpath does not show up://div[@class='myTokens']Looping when the following xpath does not show up://div[@class='myTokens']Looping when the following xpath does not show up://div[@class='myTokens']Looping when the following xpath does not show up://div[@class='myTokens']Looping when the following xpath does not show up://div[@class='myTokens']Looping when the following xpath does not show up://div[@class='myTokens']Looping when the following xpath does not show up://div[@class='myTokens']Looping when the following xpath does not show up://div[@class='myTokens']Looping when the following xpath does not show up://div[@class='myTokens']Looping when the following xpath does not show up://div[@class='myTokens']Looping when the following xpath does not show up://div[@class='myTokens']Looping when the following xpath does not show up://div[@class='myTokens']Looping when the following xpath does not show up://div[@class='myTokens']Looping when the following xpath does not show up://div[@class='myTokens']Looping when the following xpath does not show up://div[@class='myTokens']Looping when the following xpath does not show up://div[@class='myTokens']Looping when the following xpath does not show up://div[@class='myTokens']Looping when the following xpath does not show up://div[@class='myTokens']Looping when the following xpath does not show up://div[@class='myTokens']Looping when the following xpath does not show up://div[@class='myTokens']Looping when the following xpath does not show up://div[@class='myTokens']Looping when the following xpath does not show up://div[@class='myTokens']Looping when the following xpath does not show up://div[@class='myTokens']Looping when the following xpath does not show up://div[@class='myTokens']Looping when the following xpath does not show up://div[@class='myTokens']Looping when the following xpath does not show up://div[@class='myTokens']Looping when the following xpath does not show up://div[@class='myTokens']Looping when the following xpath does not show up://div[@class='myTokens']Looping when the following xpath does not show up://div[@class='myTokens']Looping when the following xpath does not show up://div[@class='myTokens']Looping when the following xpath does not show up://div[@class='myTokens']Looping when the following xpath does not show up://div[@class='myTokens']Looping when the following xpath does not show up://div[@class='myTokens']Looping when the following xpath does not show up://div[@class='myTokens']Looping when the following xpath does not show up://div[@class='myTokens']Looping when the following xpath does not show up://div[@class='myTokens']Looping when the following xpath does not show up://div[@class='myTokens']Looping when the following xpath does not show up://div[@class='myTokens']Looping when the following xpath does not show up://div[@class='myTokens']Looping when the following xpath does not show up://div[@class='myTokens']Looping when the following xpath does not show up://div[@class='myTokens']Looping when the following xpath does not show up://div[@class='myTokens']Looping when the following xpath does not show up://div[@class='myTokens']Looping when the following xpath does not show up://div[@class='myTokens']Looping when the following xpath does not show up://div[@class='myTokens']Looping when the following xpath does not show up://div[@class='myTokens']Looping when the following xpath does not show up://div[@class='myTokens']Looping when the following xpath does not show up://div[@class='myTokens']Looping when the following xpath does not show up://div[@class='myTokens']Looping when the following xpath does not show up://div[@class='myTokens']Looping when the following xpath does not show up://div[@class='myTokens']Looping when the following xpath does not show up://div[@class='myTokens']Looping when the following xpath does not show up://div[@class='myTokens']Looping when the following xpath does not show up://div[@class='myTokens']Looping when the following xpath does not show up://div[@class='myTokens']Looping when the following xpath does not show up://div[@class='myTokens']Looping when the following xpath does not show up://div[@class='myTokens']Looping when the following xpath does not show up://div[@class='myTokens']Looping when the following xpath does not show up://div[@class='myTokens']Looping when the following xpath does not show up://div[@class='myTokens']Looping when the following xpath does not show up://div[@class='myTokens']Looping when the following xpath does not show up://div[@class='myTokens']Looping when the following xpath does not show up://div[@class='myTokens']Looping when the following xpath does not show up://div[@class='myTokens']Looping when the following xpath does not show up://div[@class='myTokens']Looping when the following xpath does not show up://div[@class='myTokens']Looping when the following xpath does not show up://div[@class='myTokens']Looping when the following xpath does not show up://div[@class='myTokens']Looping when the following xpath does not show up://div[@class='myTokens']Looping when the following xpath does not show up://div[@class='myTokens']Looping when the following xpath does not show up://div[@class='myTokens']Looping when the following xpath does not show up://div[@class='myTokens']Looping when the following xpath does not show up://div[@class='myTokens']Looping when the following xpath does not show up://div[@class='myTokens']Looping when the following xpath does not show up://div[@class='myTokens']Looping when the following xpath does not show up://div[@class='myTokens']Looping when the following xpath does not show up://div[@class='myTokens']Looping when the following xpath does not show up://div[@class='myTokens']Looping when the following xpath does not show up://div[@class='myTokens']Looping when the following xpath does not show up://div[@class='myTokens']Looping when the following xpath does not show up://div[@class='myTokens']Looping when the following xpath does not show up://div[@class='myTokens']Looping when the following xpath does not show up://div[@class='myTokens']Looping when the following xpath does not show up://div[@class='myTokens']Looping when the following xpath does not show up://div[@class='myTokens']Looping when the following xpath does not show up://div[@class='myTokens']Looping when the following xpath does not show up://div[@class='myTokens']Looping when the following xpath does not show up://div[@class='myTokens']Looping when the following xpath does not show up://div[@class='myTokens']Looping when the following xpath does not show up://div[@class='myTokens']Looping when the following xpath does not show up://div[@class='myTokens']Looping when the following xpath does not show up://div[@class='myTokens']Looping when the following xpath does not show up://div[@class='myTokens']Looping when the following xpath does not show up://div[@class='myTokens']Looping when the following xpath does not show up://div[@class='myTokens']Looping when the following xpath does not show up://div[@class='myTokens']Looping when the following xpath does not show up://div[@class='myTokens']Looping when the following xpath does not show up://div[@class='myTokens']Looping when the following xpath does not show up://div[@class='myTokens']Looping when the following xpath does not show up://div[@class='myTokens']Looping when the following xpath does not show up://div[@class='myTokens']Looping when the following xpath does not show up://div[@class='myTokens']Looping when the following xpath does not show up://div[@class='myTokens']Looping when the following xpath does not show up://div[@class='myTokens']Looping when the following xpath does not show up://div[@class='myTokens']Looping when the following xpath does not show up://div[@class='myTokens']Looping when the following xpath does not show up://div[@class='myTokens']Looping when the following xpath does not show up://div[@class='myTokens']Looping when the following xpath does not show up://div[@class='myTokens']Looping when the following xpath does not show up://div[@class='myTokens']Looping when the following xpath does not show up://div[@class='myTokens']Looping when the following xpath does not show up://div[@class='myTokens']Looping when the following xpath does not show up://div[@class='myTokens']Looping when the following xpath does not show up://div[@class='myTokens']Looping when the following xpath does not show up://div[@class='myTokens']Looping when the following xpath does not show up://div[@class='myTokens']Looping when the following xpath does not show up://div[@class='myTokens']Looping when the following xpath does not show up://div[@class='myTokens']Looping when the following xpath does not show up://div[@class='myTokens']Looping when the following xpath does not show up://div[@class='myTokens']Looping when the following xpath does not show up://div[@class='myTokens']Looping when the following xpath does not show up://div[@class='myTokens']Looping when the following xpath does not show up://div[@class='myTokens']Looping when the following xpath does not show up://div[@class='myTokens']Looping when the following xpath does not show up://div[@class='myTokens']Looping when the following xpath does not show up://div[@class='myTokens']Looping when the following xpath does not show up://div[@class='myTokens']Looping when the following xpath does not show up://div[@class='myTokens']Looping when the following xpath does not show up://div[@class='myTokens']Looping when the following xpath does not show up://div[@class='myTokens']Looping when the following xpath does not show up://div[@class='myTokens']Looping when the following xpath does not show up://div[@class='myTokens']Looping when the following xpath does not show up://div[@class='myTokens']Looping when the following xpath does not show up://div[@class='myTokens']Looping when the following xpath does not show up://div[@class='myTokens']Looping when the following xpath does not show up://div[@class='myTokens']Looping when the following xpath does not show up://div[@class='myTokens']Looping when the following xpath does not show up://div[@class='myTokens']Looping when the following xpath does not show up://div[@class='myTokens']Looping when the following xpath does not show up://div[@class='myTokens']Looping when the following xpath does not show up://div[@class='myTokens']Looping when the following xpath does not show up://div[@class='myTokens']Looping when the following xpath does not show up://div[@class='myTokens']Looping when the following xpath does not show up://div[@class='myTokens']Looping when the following xpath does not show up://div[@class='myTokens']Looping when the following xpath does not show up://div[@class='myTokens']Looping when the following xpath does not show up://div[@class='myTokens']Looping when the following xpath does not show up://div[@class='myTokens']Looping when the following xpath does not show up://div[@class='myTokens']Looping when the following xpath does not show up://div[@class='myTokens']Looping when the following xpath does not show up://div[@class='myTokens']Looping when the following xpath does not show up://div[@class='myTokens']Looping when the following xpath does not show up://div[@class='myTokens']Looping when the following xpath does not show up://div[@class='myTokens']Looping when the following xpath does not show up://div[@class='myTokens']Looping when the following xpath does not show up://div[@class='myTokens']Looping when the following xpath does not show up://div[@class='myTokens']Looping when the following xpath does not show up://div[@class='myTokens']Looping when the following xpath does not show up://div[@class='myTokens']Looping when the following xpath does not show up://div[@class='myTokens']Looping when the following xpath does not show up://div[@class='myTokens']Looping when the following xpath does not show up://div[@class='myTokens']Looping when the following xpath does not show up://div[@class='myTokens']Looping when the following xpath does not show up://div[@class='myTokens']Looping when the following xpath does not show up://div[@class='myTokens']Looping when the following xpath does not show up://div[@class='myTokens']Looping when the following xpath does not show up://div[@class='myTokens']Looping when the following xpath does not show up://div[@class='myTokens']Looping when the following xpath does not show up://div[@class='myTokens']Looping when the following xpath does not show up://div[@class='myTokens']Looping when the following xpath does not show up://div[@class='myTokens']Looping when the following xpath does not show up://div[@class='myTokens']Looping when the following xpath does not show up://div[@class='myTokens']Looping when the following xpath does not show up://div[@class='myTokens']Looping when the following xpath does not show up://div[@class='myTokens']Looping when the following xpath does not show up://div[@class='myTokens']Looping when the following xpath does not show up://div[@class='myTokens']Looping when the following xpath does not show up://div[@class='myTokens']Looping when the following xpath does not show up://div[@class='myTokens']Looping when the following xpath does not show up://div[@class='myTokens']Looping when the following xpath does not show up://div[@class='myTokens']Looping when the following xpath does not show up://div[@class='myTokens']Looping when the following xpath does not show up://div[@class='myTokens']Looping when the following xpath does not show up://div[@class='myTokens']Looping when the following xpath does not show up://div[@class='myTokens']Looping when the following xpath does not show up://div[@class='myTokens']Looping when the following xpath does not show up://div[@class='myTokens']Looping when the following xpath does not show up://div[@class='myTokens']Looping when the following xpath does not show up://div[@class='myTokens']Looping when the following xpath does not show up://div[@class='myTokens']Looping when the following xpath does not show up://div[@class='myTokens']Looping when the following xpath does not show up://div[@class='myTokens']Looping when the following xpath does not show up://div[@class='myTokens']Looping when the following xpath does not show up://div[@class='myTokens']Looping when the following xpath does not show up://div[@class='myTokens']Looping when the following xpath does not show up://div[@class='myTokens']Looping when the following xpath does not show up://div[@class='myTokens']Looping when the following xpath does not show up://div[@class='myTokens']Looping when the following xpath does not show up://div[@class='myTokens']Looping when the following xpath does not show up://div[@class='myTokens']Looping when the following xpath does not show up://div[@class='myTokens']Looping when the following xpath does not show up://div[@class='myTokens']Looping when the following xpath does not show up://div[@class='myTokens']Looping when the following xpath does not show up://div[@class='myTokens']Looping when the following xpath does not show up://div[@class='myTokens']Looping when the following xpath does not show up://div[@class='myTokens']Looping when the following xpath does not show up://div[@class='myTokens']Looping when the following xpath does not show up://div[@class='myTokens']Looping when the following xpath does not show up://div[@class='myTokens']Looping when the following xpath does not show up://div[@class='myTokens']Looping when the following xpath does not show up://div[@class='myTokens']Looping when the following xpath does not show up://div[@class='myTokens']Looping when the following xpath does not show up://div[@class='myTokens']Looping when the following xpath does not show up://div[@class='myTokens']Looping when the following xpath does not show up://div[@class='myTokens']Looping when the following xpath does not show up://div[@class='myTokens']Looping when the following xpath does not show up://div[@class='myTokens']Looping when the following xpath does not show up://div[@class='myTokens']Looping when the following xpath does not show up://div[@class='myTokens']Looping when the following xpath does not show up://div[@class='myTokens']Looping when the following xpath does not show up://div[@class='myTokens']Looping when the following xpath does not show up://div[@class='myTokens']Looping when the following xpath does not show up://div[@class='myTokens']Looping when the following xpath does not show up://div[@class='myTokens']Looping when the following xpath does not show up://div[@class='myTokens']Looping when the following xpath does not show up://div[@class='myTokens']Looping when the following xpath does not show up://div[@class='myTokens']Looping when the following xpath does not show up://div[@class='myTokens']Looping when the following xpath does not show up://div[@class='myTokens']Looping when the following xpath does not show up://div[@class='myTokens']Looping when the following xpath does not show up://div[@class='myTokens']Looping when the following xpath does not show up://div[@class='myTokens']Looping when the following xpath does not show up://div[@class='myTokens']Looping when the following xpath does not show up://div[@class='myTokens']Looping when the following xpath does not show up://div[@class='myTokens']Looping when the following xpath does not show up://div[@class='myTokens']Looping when the following xpath does not show up://div[@class='myTokens']Looping when the following xpath does not show up://div[@class='myTokens']Looping when the following xpath does not show up://div[@class='myTokens']Looping when the following xpath does not show up://div[@class='myTokens']Looping when the following xpath does not show up://div[@class='myTokens']Looping when the following xpath does not show up://div[@class='myTokens']Looping when the following xpath does not show up://div[@class='myTokens']Looping when the following xpath does not show up://div[@class='myTokens']Looping when the following xpath does not show up://div[@class='myTokens']Looping when the following xpath does not show up://div[@class='myTokens']Looping when the following xpath does not show up://div[@class='myTokens']Looping when the following xpath does not show up://div[@class='myTokens']Looping when the following xpath does not show up://div[@class='myTokens']Looping when the following xpath does not show up://div[@class='myTokens']Looping when the following xpath does not show up://div[@class='myTokens']Looping when the following xpath does not show up://div[@class='myTokens']Looping when the following xpath does not show up://div[@class='myTokens']Looping when the following xpath does not show up://div[@class='myTokens']Looping when the following xpath does not show up://div[@class='myTokens']Looping when the following xpath does not show up://div[@class='myTokens']Looping when the following xpath does not show up://div[@class='myTokens']Looping when the following xpath does not show up://div[@class='myTokens']Looping when the following xpath does not show up://div[@class='myTokens']Looping when the following xpath does not show up://div[@class='myTokens']Looping when the following xpath does not show up://div[@class='myTokens']Looping when the following xpath does not show up://div[@class='myTokens']Looping when the following xpath does not show up://div[@class='myTokens']Looping when the following xpath does not show up://div[@class='myTokens']Looping when the following xpath does not show up://div[@class='myTokens']Looping when the following xpath does not show up://div[@class='myTokens']Looping when the following xpath does not show up://div[@class='myTokens']Looping when the following xpath does not show up://div[@class='myTokens']Looping when the following xpath does not show up://div[@class='myTokens']Looping when the following xpath does not show up://div[@class='myTokens']Looping when the following xpath does not show up://div[@class='myTokens']Looping when the following xpath does not show up://div[@class='myTokens']Looping when the following xpath does not show up://div[@class='myTokens']Looping when the following xpath does not show up://div[@class='myTokens']Looping when the following xpath does not show up://div[@class='myTokens']Looping when the following xpath does not show up://div[@class='myTokens']Looping when the following xpath does not show up://div[@class='myTokens']Looping when the following xpath does not show up://div[@class='myTokens']Looping when the following xpath does not show up://div[@class='myTokens']Looping when the following xpath does not show up://div[@class='myTokens']Looping when the following xpath does not show up://div[@class='myTokens']Looping when the following xpath does not show up://div[@class='myTokens']Looping when the following xpath does not show up://div[@class='myTokens']Looping when the following xpath does not show up://div[@class='myTokens']Looping when the following xpath does not show up://div[@class='myTokens']Looping when the following xpath does not show up://div[@class='myTokens']Looping when the following xpath does not show up://div[@class='myTokens']Looping when the following xpath does not show up://div[@class='myTokens']Looping when the following xpath does not show up://div[@class='myTokens']Looping when the following xpath does not show up://div[@class='myTokens']Looping when the following xpath does not show up://div[@class='myTokens']Looping when the following xpath does not show up://div[@class='myTokens']Looping when the following xpath does not show up://div[@class='myTokens']Looping when the following xpath does not show up://div[@class='myTokens']Looping when the following xpath does not show up://div[@class='myTokens']Looping when the following xpath does not show up://div[@class='myTokens']Looping when the following xpath does not show up://div[@class='myTokens']Looping when the following xpath does not show up://div[@class='myTokens']Looping when the following xpath does not show up://div[@class='myTokens']Looping when the following xpath does not show up://div[@class='myTokens']Looping when the following xpath does not show up://div[@class='myTokens']Looping when the following xpath does not show up://div[@class='myTokens']Looping when the following xpath does not show up://div[@class='myTokens']Looping when the following xpath does not show up://div[@class='myTokens']Looping when the following xpath does not show up://div[@class='myTokens']Looping when the following xpath does not show up://div[@class='myTokens']Looping when the following xpath does not show up://div[@class='myTokens']Looping when the following xpath does not show up://div[@class='myTokens']Looping when the following xpath does not show up://div[@class='myTokens']Looping when the following xpath does not show up://div[@class='myTokens']Looping when the following xpath does not show up://div[@class='myTokens']Looping when the following xpath does not show up://div[@class='myTokens']Looping when the following xpath does not show up://div[@class='myTokens']Looping when the following xpath does not show up://div[@class='myTokens']Looping when the following xpath does not show up://div[@class='myTokens']Looping when the following xpath does not show up://div[@class='myTokens']Looping when the following xpath does not show up://div[@class='myTokens']Looping when the following xpath does not show up://div[@class='myTokens']Looping when the following xpath does not show up://div[@class='myTokens']Looping when the following xpath does not show up://div[@class='myTokens']Looping when the following xpath does not show up://div[@class='myTokens']Looping when the following xpath does not show up://div[@class='myTokens']Looping when the following xpath does not show up://div[@class='myTokens']Looping when the following xpath does not show up://div[@class='myTokens']Looping when the following xpath does not show up://div[@class='myTokens']Looping when the following xpath does not show up://div[@class='myTokens']Looping when the following xpath does not show up://div[@class='myTokens']Looping when the following xpath does not show up://div[@class='myTokens']Looping when the following xpath does not show up://div[@class='myTokens']Looping when the following xpath does not show up://div[@class='myTokens']Looping when the following xpath does not show up://div[@class='myTokens']Looping when the following xpath does not show up://div[@class='myTokens']Looping when the following xpath does not show up://div[@class='myTokens']Looping when the following xpath does not show up://div[@class='myTokens']Looping when the following xpath does not show up://div[@class='myTokens']Looping when the following xpath does not show up://div[@class='myTokens']Looping when the following xpath does not show up://div[@class='myTokens']Looping when the following xpath does not show up://div[@class='myTokens']Looping when the following xpath does not show up://div[@class='myTokens']Looping when the following xpath does not show up://div[@class='myTokens']Looping when the following xpath does not show up://div[@class='myTokens']Looping when the following xpath does not show up://div[@class='myTokens']Looping when the following xpath does not show up://div[@class='myTokens']Looping when the following xpath does not show up://div[@class='myTokens']Looping when the following xpath does not show up://div[@class='myTokens']Looping when the following xpath does not show up://div[@class='myTokens']Looping when the following xpath does not show up://div[@class='myTokens']Looping when the following xpath does not show up://div[@class='myTokens']Looping when the following xpath does not show up://div[@class='myTokens']Looping when the following xpath does not show up://div[@class='myTokens']Looping when the following xpath does not show up://div[@class='myTokens']Looping when the following xpath does not show up://div[@class='myTokens']Looping when the following xpath does not show up://div[@class='myTokens']Looping when the following xpath does not show up://div[@class='myTokens']Looping when the following xpath does not show up://div[@class='myTokens']Looping when the following xpath does not show up://div[@class='myTokens']Looping when the following xpath does not show up://div[@class='myTokens']Looping when the following xpath does not show up://div[@class='myTokens']Looping when the following xpath does not show up://div[@class='myTokens']Looping when the following xpath does not show up://div[@class='myTokens']Looping when the following xpath does not show up://div[@class='myTokens']Looping when the following xpath does not show up://div[@class='myTokens']Looping when the following xpath does not show up://div[@class='myTokens']Looping when the following xpath does not show up://div[@class='myTokens']Looping when the following xpath does not show up://div[@class='myTokens']Looping when the following xpath does not show up://div[@class='myTokens']Looping when the following xpath does not show up://div[@class='myTokens']Looping when the following xpath does not show up://div[@class='myTokens']Looping when the following xpath does not show up://div[@class='myTokens']Looping when the following xpath does not show up://div[@class='myTokens']Looping when the following xpath does not show up://div[@class='myTokens']Looping when the following xpath does not show up://div[@class='myTokens']Looping when the following xpath does not show up://div[@class='myTokens']Looping when the following xpath does not show up://div[@class='myTokens']Looping when the following xpath does not show up://div[@class='myTokens']Looping when the following xpath does not show up://div[@class='myTokens']Looping when the following xpath does not show up://div[@class='myTokens']Looping when the following xpath does not show up://div[@class='myTokens']Looping when the following xpath does not show up://div[@class='myTokens']Looping when the following xpath does not show up://div[@class='myTokens']Looping when the following xpath does not show up://div[@class='myTokens']Looping when the following xpath does not show up://div[@class='myTokens']Looping when the following xpath does not show up://div[@class='myTokens']Looping when the following xpath does not show up://div[@class='myTokens']Looping when the following xpath does not show up://div[@class='myTokens']Looping when the following xpath does not show up://div[@class='myTokens']Looping when the following xpath does not show up://div[@class='myTokens']Looping when the following xpath does not show up://div[@class='myTokens']Looping when the following xpath does not show up://div[@class='myTokens']Looping when the following xpath does not show up://div[@class='myTokens']Looping when the following xpath does not show up://div[@class='myTokens']Looping when the following xpath does not show up://div[@class='myTokens']Looping when the following xpath does not show up://div[@class='myTokens']Looping when the following xpath does not show up://div[@class='myTokens']Looping when the following xpath does not show up://div[@class='myTokens']Looping when the following xpath does not show up://div[@class='myTokens']Looping when the following xpath does not show up://div[@class='myTokens']Looping when the following xpath does not show up://div[@class='myTokens']Looping when the following xpath does not show up://div[@class='myTokens']Looping when the following xpath does not show up://div[@class='myTokens']Looping when the following xpath does not show up://div[@class='myTokens']Looping when the following xpath does not show up://div[@class='myTokens']Looping when the following xpath does not show up://div[@class='myTokens']Looping when the following xpath does not show up://div[@class='myTokens']Looping when the following xpath does not show up://div[@class='myTokens']Looping when the following xpath does not show up://div[@class='myTokens']Looping when the following xpath does not show up://div[@class='myTokens']Looping when the following xpath does not show up://div[@class='myTokens']Looping when the following xpath does not show up://div[@class='myTokens']Looping when the following xpath does not show up://div[@class='myTokens']Looping when the following xpath does not show up://div[@class='myTokens']Looping when the following xpath does not show up://div[@class='myTokens']Looping when the following xpath does not show up://div[@class='myTokens']Looping when the following xpath does not show up://div[@class='myTokens']Looping when the following xpath does not show up://div[@class='myTokens']Looping when the following xpath does not show up://div[@class='myTokens']Looping when the following xpath does not show up://div[@class='myTokens']Looping when the following xpath does not show up://div[@class='myTokens']Looping when the following xpath does not show up://div[@class='myTokens']Looping when the following xpath does not show up://div[@class='myTokens']Looping when the following xpath does not show up://div[@class='myTokens']Looping when the following xpath does not show up://div[@class='myTokens']Looping when the following xpath does not show up://div[@class='myTokens']Looping when the following xpath does not show up://div[@class='myTokens']Looping when the following xpath does not show up://div[@class='myTokens']Looping when the following xpath does not show up://div[@class='myTokens']Looping when the following xpath does not show up://div[@class='myTokens']Looping when the following xpath does not show up://div[@class='myTokens']Looping when the following xpath does not show up://div[@class='myTokens']Looping when the following xpath does not show up://div[@class='myTokens']Looping when the following xpath does not show up://div[@class='myTokens']Looping when the following xpath does not show up://div[@class='myTokens']Looping when the following xpath does not show up://div[@class='myTokens']Looping when the following xpath does not show up://div[@class='myTokens']Looping when the following xpath does not show up://div[@class='myTokens']Looping when the following xpath does not show up://div[@class='myTokens']Looping when the following xpath does not show up://div[@class='myTokens']Looping when the following xpath does not show up://div[@class='myTokens']Looping when the following xpath does not show up://div[@class='myTokens']Looping when the following xpath does not show up://div[@class='myTokens']Looping when the following xpath does not show up://div[@class='myTokens']Looping when the following xpath does not show up://div[@class='myTokens']Looping when the following xpath does not show up://div[@class='myTokens']Looping when the following xpath does not show up://div[@class='myTokens']Looping when the following xpath does not show up://div[@class='myTokens']Looping when the following xpath does not show up://div[@class='myTokens']Looping when the following xpath does not show up://div[@class='myTokens']Looping when the following xpath does not show up://div[@class='myTokens']Looping when the following xpath does not show up://div[@class='myTokens']Looping when the following xpath does not show up://div[@class='myTokens']Looping when the following xpath does not show up://div[@class='myTokens']Looping when the following xpath does not show up://div[@class='myTokens']Looping when the following xpath does not show up://div[@class='myTokens']Looping when the following xpath does not show up://div[@class='myTokens']Looping when the following xpath does not show up://div[@class='myTokens']Looping when the following xpath does not show up://div[@class='myTokens']Looping when the following xpath does not show up://div[@class='myTokens']Looping when the following xpath does not show up://div[@class='myTokens']Looping when the following xpath does not show up://div[@class='myTokens']Looping when the following xpath does not show up://div[@class='myTokens']Looping when the following xpath does not show up://div[@class='myTokens']Looping when the following xpath does not show up://div[@class='myTokens']Looping when the following xpath does not show up://div[@class='myTokens']Looping when the following xpath does not show up://div[@class='myTokens']Looping when the following xpath does not show up://div[@class='myTokens']Looping when the following xpath does not show up://div[@class='myTokens']Looping when the following xpath does not show up://div[@class='myTokens']Looping when the following xpath does not show up://div[@class='myTokens']Looping when the following xpath does not show up://div[@class='myTokens']Looping when the following xpath does not show up://div[@class='myTokens']Looping when the following xpath does not show up://div[@class='myTokens']Looping when the following xpath does not show up://div[@class='myTokens']Looping when the following xpath does not show up://div[@class='myTokens']Looping when the following xpath does not show up://div[@class='myTokens']Looping when the following xpath does not show up://div[@class='myTokens']Looping when the following xpath does not show up://div[@class='myTokens']Looping when the following xpath does not show up://div[@class='myTokens']Looping when the following xpath does not show up://div[@class='myTokens']Looping when the following xpath does not show up://div[@class='myTokens']Looping when the following xpath does not show up://div[@class='myTokens']Looping when the following xpath does not show up://div[@class='myTokens']Looping when the following xpath does not show up://div[@class='myTokens']Looping when the following xpath does not show up://div[@class='myTokens']Looping when the following xpath does not show up://div[@class='myTokens']Looping when the following xpath does not show up://div[@class='myTokens']Looping when the following xpath does not show up://div[@class='myTokens']Looping when the following xpath does not show up://div[@class='myTokens']Looping when the following xpath does not show up://div[@class='myTokens']Looping when the following xpath does not show up://div[@class='myTokens']Looping when the following xpath does not show up://div[@class='myTokens']Looping when the following xpath does not show up://div[@class='myTokens']Looping when the following xpath does not show up://div[@class='myTokens']Looping when the following xpath does not show up://div[@class='myTokens']Looping when the following xpath does not show up://div[@class='myTokens']Looping when the following xpath does not show up://div[@class='myTokens']Looping when the following xpath does not show up://div[@class='myTokens']Looping when the following xpath does not show up://div[@class='myTokens']Looping when the following xpath does not show up://div[@class='myTokens']Looping when the following xpath does not show up://div[@class='myTokens']Looping when the following xpath does not show up://div[@class='myTokens']Looping when the following xpath does not show up://div[@class='myTokens']Looping when the following xpath does not show up://div[@class='myTokens']Looping when the following xpath does not show up://div[@class='myTokens']Looping when the following xpath does not show up://div[@class='myTokens']Looping when the following xpath does not show up://div[@class='myTokens']Looping when the following xpath does not show up://div[@class='myTokens']Looping when the following xpath does not show up://div[@class='myTokens']Looping when the following xpath does not show up://div[@class='myTokens']Looping when the following xpath does not show up://div[@class='myTokens']Looping when the following xpath does not show up://div[@class='myTokens']Looping when the following xpath does not show up://div[@class='myTokens']Looping when the following xpath does not show up://div[@class='myTokens']Looping when the following xpath does not show up://div[@class='myTokens']Looping when the following xpath does not show up://div[@class='myTokens']Looping when the following xpath does not show up://div[@class='myTokens']Looping when the following xpath does not show up://div[@class='myTokens']Looping when the following xpath does not show up://div[@class='myTokens']Looping when the following xpath does not show up://div[@class='myTokens']Looping when the following xpath does not show up://div[@class='myTokens']Looping when the following xpath does not show up://div[@class='myTokens']Looping when the following xpath does not show up://div[@class='myTokens']Looping when the following xpath does not show up://div[@class='myTokens']Looping when the following xpath does not show up://div[@class='myTokens']Looping when the following xpath does not show up://div[@class='myTokens']Looping when the following xpath does not show up://div[@class='myTokens']Looping when the following xpath does not show up://div[@class='myTokens']Looping when the following xpath does not show up://div[@class='myTokens']Looping when the following xpath does not show up://div[@class='myTokens']Looping when the following xpath does not show up://div[@class='myTokens']Looping when the following xpath does not show up://div[@class='myTokens']Looping when the following xpath does not show up://div[@class='myTokens']Looping when the following xpath does not show up://div[@class='myTokens']Looping when the following xpath does not show up://div[@class='myTokens']Looping when the following xpath does not show up://div[@class='myTokens']Looping when the following xpath does not show up://div[@class='myTokens']Looping when the following xpath does not show up://div[@class='myTokens']Looping when the following xpath does not show up://div[@class='myTokens']Looping when the following xpath does not show up://div[@class='myTokens']Looping when the following xpath does not show up://div[@class='myTokens']Looping when the following xpath does not show up://div[@class='myTokens']Looping when the following xpath does not show up://div[@class='myTokens']Looping when the following xpath does not show up://div[@class='myTokens']Looping when the following xpath does not show up://div[@class='myTokens']Looping when the following xpath does not show up://div[@class='myTokens']Looping when the following xpath does not show up://div[@class='myTokens']Looping when the following xpath does not show up://div[@class='myTokens']Looping when the following xpath does not show up://div[@class='myTokens']Looping when the following xpath does not show up://div[@class='myTokens']Looping when the following xpath does not show up://div[@class='myTokens']Looping when the following xpath does not show up://div[@class='myTokens']Looping when the following xpath does not show up://div[@class='myTokens']Looping when the following xpath does not show up://div[@class='myTokens']Looping when the following xpath does not show up://div[@class='myTokens']Looping when the following xpath does not show up://div[@class='myTokens']Looping when the following xpath does not show up://div[@class='myTokens']Looping when the following xpath does not show up://div[@class='myTokens']Looping when the following xpath does not show up://div[@class='myTokens']Looping when the following xpath does not show up://div[@class='myTokens']Looping when the following xpath does not show up://div[@class='myTokens']Looping when the following xpath does not show up://div[@class='myTokens']Looping when the following xpath does not show up://div[@class='myTokens']Looping when the following xpath does not show up://div[@class='myTokens']Looping when the following xpath does not show up://div[@class='myTokens']Looping when the following xpath does not show up://div[@class='myTokens']Looping when the following xpath does not show up://div[@class='myTokens']Looping when the following xpath does not show up://div[@class='myTokens']Looping when the following xpath does not show up://div[@class='myTokens']Looping when the following xpath does not show up://div[@class='myTokens']Looping when the following xpath does not show up://div[@class='myTokens']Looping when the following xpath does not show up://div[@class='myTokens']Looping when the following xpath does not show up://div[@class='myTokens']Looping when the following xpath does not show up://div[@class='myTokens']Looping when the following xpath does not show up://div[@class='myTokens']Looping when the following xpath does not show up://div[@class='myTokens']Looping when the following xpath does not show up://div[@class='myTokens']Looping when the following xpath does not show up://div[@class='myTokens']Looping when the following xpath does not show up://div[@class='myTokens']Looping when the following xpath does not show up://div[@class='myTokens']Looping when the following xpath does not show up://div[@class='myTokens']Looping when the following xpath does not show up://div[@class='myTokens']Looping when the following xpath does not show up://div[@class='myTokens']Looping when the following xpath does not show up://div[@class='myTokens']Looping when the following xpath does not show up://div[@class='myTokens']Looping when the following xpath does not show up://div[@class='myTokens']Looping when the following xpath does not show up://div[@class='myTokens']Looping when the following xpath does not show up://div[@class='myTokens']Looping when the following xpath does not show up://div[@class='myTokens']Looping when the following xpath does not show up://div[@class='myTokens']Looping when the following xpath does not show up://div[@class='myTokens']Looping when the following xpath does not show up://div[@class='myTokens']Looping when the following xpath does not show up://div[@class='myTokens']Looping when the following xpath does not show up://div[@class='myTokens']Looping when the following xpath does not show up://div[@class='myTokens']Looping when the following xpath does not show up://div[@class='myTokens']Looping when the following xpath does not show up://div[@class='myTokens']Looping when the following xpath does not show up://div[@class='myTokens']Looping when the following xpath does not show up://div[@class='myTokens']Looping when the following xpath does not show up://div[@class='myTokens']Looping when the following xpath does not show up://div[@class='myTokens']Looping when the following xpath does not show up://div[@class='myTokens']Looping when the following xpath does not show up://div[@class='myTokens']Looping when the following xpath does not show up://div[@class='myTokens']Looping when the following xpath does not show up://div[@class='myTokens']Looping when the following xpath does not show up://div[@class='myTokens']Looping when the following xpath does not show up://div[@class='myTokens']Looping when the following xpath does not show up://div[@class='myTokens']Looping when the following xpath does not show up://div[@class='myTokens']Looping when the following xpath does not show up://div[@class='myTokens']Looping when the following xpath does not show up://div[@class='myTokens']Looping when the following xpath does not show up://div[@class='myTokens']Looping when the following xpath does not show up://div[@class='myTokens']Looping when the following xpath does not show up://div[@class='myTokens']Looping when the following xpath does not show up://div[@class='myTokens']Looping when the following xpath does not show up://div[@class='myTokens']Looping when the following xpath does not show up://div[@class='myTokens']Looping when the following xpath does not show up://div[@class='myTokens']Looping when the following xpath does not show up://div[@class='myTokens']Looping when the following xpath does not show up://div[@class='myTokens']Looping when the following xpath does not show up://div[@class='myTokens']Looping when the following xpath does not show up://div[@class='myTokens']Looping when the following xpath does not show up://div[@class='myTokens']Looping when the following xpath does not show up://div[@class='myTokens']Looping when the following xpath does not show up://div[@class='myTokens']Looping when the following xpath does not show up://div[@class='myTokens']Looping when the following xpath does not show up://div[@class='myTokens']Looping when the following xpath does not show up://div[@class='myTokens']Looping when the following xpath does not show up://div[@class='myTokens']Looping when the following xpath does not show up://div[@class='myTokens']Looping when the following xpath does not show up://div[@class='myTokens']Looping when the following xpath does not show up://div[@class='myTokens']Looping when the following xpath does not show up://div[@class='myTokens']Looping when the following xpath does not show up://div[@class='myTokens']Looping when the following xpath does not show up://div[@class='myTokens']Looping when the following xpath does not show up://div[@class='myTokens']Looping when the following xpath does not show up://div[@class='myTokens']Looping when the following xpath does not show up://div[@class='myTokens']Looping when the following xpath does not show up://div[@class='myTokens']Looping when the following xpath does not show up://div[@class='myTokens']Looping when the following xpath does not show up://div[@class='myTokens']Looping when the following xpath does not show up://div[@class='myTokens']Looping when the following xpath does not show up://div[@class='myTokens']Looping when the following xpath does not show up://div[@class='myTokens']Looping when the following xpath does not show up://div[@class='myTokens']Looping when the following xpath does not show up://div[@class='myTokens']Looping when the following xpath does not show up://div[@class='myTokens']Looping when the following xpath does not show up://div[@class='myTokens']Looping when the following xpath does not show up://div[@class='myTokens']Looping when the following xpath does not show up://div[@class='myTokens']Looping when the following xpath does not show up://div[@class='myTokens']Looping when the following xpath does not show up://div[@class='myTokens']Looping when the following xpath does not show up://div[@class='myTokens']Looping when the following xpath does not show up://div[@class='myTokens']Looping when the following xpath does not show up://div[@class='myTokens']Looping when the following xpath does not show up://div[@class='myTokens']Looping when the following xpath does not show up://div[@class='myTokens']Looping when the following xpath does not show up://div[@class='myTokens']Looping when the following xpath does not show up://div[@class='myTokens']Looping when the following xpath does not show up://div[@class='myTokens']Looping when the following xpath does not show up://div[@class='myTokens']Looping when the following xpath does not show up://div[@class='myTokens']Looping when the following xpath does not show up://div[@class='myTokens']Looping when the following xpath does not show up://div[@class='myTokens']Looping when the following xpath does not show up://div[@class='myTokens']Looping when the following xpath does not show up://div[@class='myTokens']Looping when the following xpath does not show up://div[@class='myTokens']Looping when the following xpath does not show up://div[@class='myTokens']Looping when the following xpath does not show up://div[@class='myTokens']Looping when the following xpath does not show up://div[@class='myTokens']Looping when the following xpath does not show up://div[@class='myTokens']Looping when the following xpath does not show up://div[@class='myTokens']Looping when the following xpath does not show up://div[@class='myTokens']Looping when the following xpath does not show up://div[@class='myTokens']Looping when the following xpath does not show up://div[@class='myTokens']Looping when the following xpath does not show up://div[@class='myTokens']Looping when the following xpath does not show up://div[@class='myTokens']Looping when the following xpath does not show up://div[@class='myTokens']Looping when the following xpath does not show up://div[@class='myTokens']Looping when the following xpath does not show up://div[@class='myTokens']Looping when the following xpath does not show up://div[@class='myTokens']Looping when the following xpath does not show up://div[@class='myTokens']Looping when the following xpath does not show up://div[@class='myTokens']Looping when the following xpath does not show up://div[@class='myTokens']Looping when the following xpath does not show up://div[@class='myTokens']Looping when the following xpath does not show up://div[@class='myTokens']Looping when the following xpath does not show up://div[@class='myTokens']Looping when the following xpath does not show up://div[@class='myTokens']Looping when the following xpath does not show up://div[@class='myTokens']Looping when the following xpath does not show up://div[@class='myTokens']Looping when the following xpath does not show up://div[@class='myTokens']Looping when the following xpath does not show up://div[@class='myTokens']Looping when the following xpath does not show up://div[@class='myTokens']Looping when the following xpath does not show up://div[@class='myTokens']Looping when the following xpath does not show up://div[@class='myTokens']Looping when the following xpath does not show up://div[@class='myTokens']Looping when the following xpath does not show up://div[@class='myTokens']Looping when the following xpath does not show up://div[@class='myTokens']Looping when the following xpath does not show up://div[@class='myTokens']Looping when the following xpath does not show up://div[@class='myTokens']Looping when the following xpath does not show up://div[@class='myTokens']Looping when the following xpath does not show up://div[@class='myTokens']Looping when the following xpath does not show up://div[@class='myTokens']Looping when the following xpath does not show up://div[@class='myTokens']Looping when the following xpath does not show up://div[@class='myTokens']Looping when the following xpath does not show up://div[@class='myTokens']Looping when the following xpath does not show up://div[@class='myTokens']Looping when the following xpath does not show up://div[@class='myTokens']Looping when the following xpath does not show up://div[@class='myTokens']Looping when the following xpath does not show up://div[@class='myTokens']Looping when the following xpath does not show up://div[@class='myTokens']Looping when the following xpath does not show up://div[@class='myTokens']Looping when the following xpath does not show up://div[@class='myTokens']Looping when the following xpath does not show up://div[@class='myTokens']Looping when the following xpath does not show up://div[@class='myTokens']Looping when the following xpath does not show up://div[@class='myTokens']Looping when the following xpath does not show up://div[@class='myTokens']Looping when the following xpath does not show up://div[@class='myTokens']Looping when the following xpath does not show up://div[@class='myTokens']Looping when the following xpath does not show up://div[@class='myTokens']Looping when the following xpath does not show up://div[@class='myTokens']Looping when the following xpath does not show up://div[@class='myTokens']Looping when the following xpath does not show up://div[@class='myTokens']Looping when the following xpath does not show up://div[@class='myTokens']Looping when the following xpath does not show up://div[@class='myTokens']Looping when the following xpath does not show up://div[@class='myTokens']Looping when the following xpath does not show up://div[@class='myTokens']Looping when the following xpath does not show up://div[@class='myTokens']Looping when the following xpath does not show up://div[@class='myTokens']Looping when the following xpath does not show up://div[@class='myTokens']Looping when the following xpath does not show up://div[@class='myTokens']Looping when the following xpath does not show up://div[@class='myTokens']Looping when the following xpath does not show up://div[@class='myTokens']Looping when the following xpath does not show up://div[@class='myTokens']Looping when the following xpath does not show up://div[@class='myTokens']Looping when the following xpath does not show up://div[@class='myTokens']Looping when the following xpath does not show up://div[@class='myTokens']Looping when the following xpath does not show up://div[@class='myTokens']Looping when the following xpath does not show up://div[@class='myTokens']Looping when the following xpath does not show up://div[@class='myTokens']Looping when the following xpath does not show up://div[@class='myTokens']Looping when the following xpath does not show up://div[@class='myTokens']Looping when the following xpath does not show up://div[@class='myTokens']Looping when the following xpath does not show up://div[@class='myTokens']Looping when the following xpath does not show up://div[@class='myTokens']Looping when the following xpath does not show up://div[@class='myTokens']Looping when the following xpath does not show up://div[@class='myTokens']Looping when the following xpath does not show up://div[@class='myTokens']Looping when the following xpath does not show up://div[@class='myTokens']Looping when the following xpath does not show up://div[@class='myTokens']Looping when the following xpath does not show up://div[@class='myTokens']Looping when the following xpath does not show up://div[@class='myTokens']Looping when the following xpath does not show up://div[@class='myTokens']Looping when the following xpath does not show up://div[@class='myTokens']Looping when the following xpath does not show up://div[@class='myTokens']Looping when the following xpath does not show up://div[@class='myTokens']Looping when the following xpath does not show up://div[@class='myTokens']Looping when the following xpath does not show up://div[@class='myTokens']Looping when the following xpath does not show up://div[@class='myTokens']Looping when the following xpath does not show up://div[@class='myTokens']Looping when the following xpath does not show up://div[@class='myTokens']Looping when the following xpath does not show up://div[@class='myTokens']Looping when the following xpath does not show up://div[@class='myTokens']Looping when the following xpath does not show up://div[@class='myTokens']Looping when the following xpath does not show up://div[@class='myTokens']Looping when the following xpath does not show up://div[@class='myTokens']Looping when the following xpath does not show up://div[@class='myTokens']Looping when the following xpath does not show up://div[@class='myTokens']Looping when the following xpath does not show up://div[@class='myTokens']Looping when the following xpath does not show up://div[@class='myTokens']Looping when the following xpath does not show up://div[@class='myTokens']Looping when the following xpath does not show up://div[@class='myTokens']Looping when the following xpath does not show up://div[@class='myTokens']Looping when the following xpath does not show up://div[@class='myTokens']Looping when the following xpath does not show up://div[@class='myTokens']Looping when the following xpath does not show up://div[@class='myTokens']Looping when the following xpath does not show up://div[@class='myTokens']Looping when the following xpath does not show up://div[@class='myTokens']Looping when the following xpath does not show up://div[@class='myTokens']Looping when the following xpath does not show up://div[@class='myTokens']Looping when the following xpath does not show up://div[@class='myTokens']Looping when the following xpath does not show up://div[@class='myTokens']Looping when the following xpath does not show up://div[@class='myTokens']Looping when the following xpath does not show up://div[@class='myTokens']Looping when the following xpath does not show up://div[@class='myTokens']Looping when the following xpath does not show up://div[@class='myTokens']Looping when the following xpath does not show up://div[@class='myTokens']Looping when the following xpath does not show up://div[@class='myTokens']Looping when the following xpath does not show up://div[@class='myTokens']Looping when the following xpath does not show up://div[@class='myTokens']Looping when the following xpath does not show up://div[@class='myTokens']Looping when the following xpath does not show up://div[@class='myTokens']Looping when the following xpath does not show up://div[@class='myTokens']Looping when the following xpath does not show up://div[@class='myTokens']Looping when the following xpath does not show up://div[@class='myTokens']Looping when the following xpath does not show up://div[@class='myTokens']Looping when the following xpath does not show up://div[@class='myTokens']Looping when the following xpath does not show up://div[@class='myTokens']Looping when the following xpath does not show up://div[@class='myTokens']Looping when the following xpath does not show up://div[@class='myTokens']Looping when the following xpath does not show up://div[@class='myTokens']Looping when the following xpath does not show up://div[@class='myTokens']Looping when the following xpath does not show up://div[@class='myTokens']Looping when the following xpath does not show up://div[@class='myTokens']Looping when the following xpath does not show up://div[@class='myTokens']Looping when the following xpath does not show up://div[@class='myTokens']Looping when the following xpath does not show up://div[@class='myTokens']Looping when the following xpath does not show up://div[@class='myTokens']Looping when the following xpath does not show up://div[@class='myTokens']Looping when the following xpath does not show up://div[@class='myTokens']Looping when the following xpath does not show up://div[@class='myTokens']Looping when the following xpath does not show up://div[@class='myTokens']Looping when the following xpath does not show up://div[@class='myTokens']Looping when the following xpath does not show up://div[@class='myTokens']Looping when the following xpath does not show up://div[@class='myTokens']Looping when the following xpath does not show up://div[@class='myTokens']Looping when the following xpath does not show up://div[@class='myTokens']Looping when the following xpath does not show up://div[@class='myTokens']Looping when the following xpath does not show up://div[@class='myTokens']Looping when the following xpath does not show up://div[@class='myTokens']Looping when the following xpath does not show up://div[@class='myTokens']Looping when the following xpath does not show up://div[@class='myTokens']Looping when the following xpath does not show up://div[@class='myTokens']Looping when the following xpath does not show up://div[@class='myTokens']Looping when the following xpath does not show up://div[@class='myTokens']Looping when the following xpath does not show up://div[@class='myTokens']Looping when the following xpath does not show up://div[@class='myTokens']Looping when the following xpath does not show up://div[@class='myTokens']Looping when the following xpath does not show up://div[@class='myTokens']Looping when the following xpath does not show up://div[@class='myTokens']Looping when the following xpath does not show up://div[@class='myTokens']Looping when the following xpath does not show up://div[@class='myTokens']Looping when the following xpath does not show up://div[@class='myTokens']Looping when the following xpath does not show up://div[@class='myTokens']Looping when the following xpath does not show up://div[@class='myTokens']Looping when the following xpath does not show up://div[@class='myTokens']Looping when the following xpath does not show up://div[@class='myTokens']Looping when the following xpath does not show up://div[@class='myTokens']Looping when the following xpath does not show up://div[@class='myTokens']Looping when the following xpath does not show up://div[@class='myTokens']Looping when the following xpath does not show up://div[@class='myTokens']Looping when the following xpath does not show up://div[@class='myTokens']Looping when the following xpath does not show up://div[@class='myTokens']Looping when the following xpath does not show up://div[@class='myTokens']Looping when the following xpath does not show up://div[@class='myTokens']Looping when the following xpath does not show up://div[@class='myTokens']Looping when the following xpath does not show up://div[@class='myTokens']Looping when the following xpath does not show up://div[@class='myTokens']Looping when the following xpath does not show up://div[@class='myTokens']Looping when the following xpath does not show up://div[@class='myTokens']Looping when the following xpath does not show up://div[@class='myTokens']Looping when the following xpath does not show up://div[@class='myTokens']Looping when the following xpath does not show up://div[@class='myTokens']Looping when the following xpath does not show up://div[@class='myTokens']Looping when the following xpath does not show up://div[@class='myTokens']Looping when the following xpath does not show up://div[@class='myTokens']Looping when the following xpath does not show up://div[@class='myTokens']Looping when the following xpath does not show up://div[@class='myTokens']Looping when the following xpath does not show up://div[@class='myTokens']Looping when the following xpath does not show up://div[@class='myTokens']Looping when the following xpath does not show up://div[@class='myTokens']Looping when the following xpath does not show up://div[@class='myTokens']Looping when the following xpath does not show up://div[@class='myTokens']Looping when the following xpath does not show up://div[@class='myTokens']Looping when the following xpath does not show up://div[@class='myTokens']Looping when the following xpath does not show up://div[@class='myTokens']Looping when the following xpath does not show up://div[@class='myTokens']Looping when the following xpath does not show up://div[@class='myTokens']Looping when the following xpath does not show up://div[@class='myTokens']Looping when the following xpath does not show up://div[@class='myTokens']Looping when the following xpath does not show up://div[@class='myTokens']Looping when the following xpath does not show up://div[@class='myTokens']Looping when the following xpath does not show up://div[@class='myTokens']Looping when the following xpath does not show up://div[@class='myTokens']Looping when the following xpath does not show up://div[@class='myTokens']Looping when the following xpath does not show up://div[@class='myTokens']Looping when the following xpath does not show up://div[@class='myTokens']Looping when the following xpath does not show up://div[@class='myTokens']Looping when the following xpath does not show up://div[@class='myTokens']Looping when the following xpath does not show up://div[@class='myTokens']Looping when the following xpath does not show up://div[@class='myTokens']Looping when the following xpath does not show up://div[@class='myTokens']Looping when the following xpath does not show up://div[@class='myTokens']Looping when the following xpath does not show up://div[@class='myTokens']Looping when the following xpath does not show up://div[@class='myTokens']Looping when the following xpath does not show up://div[@class='myTokens']Looping when the following xpath does not show up://div[@class='myTokens']Looping when the following xpath does not show up://div[@class='myTokens']Looping when the following xpath does not show up://div[@class='myTokens']Looping when the following xpath does not show up://div[@class='myTokens']Looping when the following xpath does not show up://div[@class='myTokens']Looping when the following xpath does not show up://div[@class='myTokens']Looping when the following xpath does not show up://div[@class='myTokens']Looping when the following xpath does not show up://div[@class='myTokens']Looping when the following xpath does not show up://div[@class='myTokens']Looping when the following xpath does not show up://div[@class='myTokens']Looping when the following xpath does not show up://div[@class='myTokens']Looping when the following xpath does not show up://div[@class='myTokens']Looping when the following xpath does not show up://div[@class='myTokens']Looping when the following xpath does not show up://div[@class='myTokens']Looping when the following xpath does not show up://div[@class='myTokens']Looping when the following xpath does not show up://div[@class='myTokens']Looping when the following xpath does not show up://div[@class='myTokens']Looping when the following xpath does not show up://div[@class='myTokens']Looping when the following xpath does not show up://div[@class='myTokens']Looping when the following xpath does not show up://div[@class='myTokens']Looping when the following xpath does not show up://div[@class='myTokens']Looping when the following xpath does not show up://div[@class='myTokens']Looping when the following xpath does not show up://div[@class='myTokens']Looping when the following xpath does not show up://div[@class='myTokens']Looping when the following xpath does not show up://div[@class='myTokens']Looping when the following xpath does not show up://div[@class='myTokens']Looping when the following xpath does not show up://div[@class='myTokens']Looping when the following xpath does not show up://div[@class='myTokens']Looping when the following xpath does not show up://div[@class='myTokens']Looping when the following xpath does not show up://div[@class='myTokens']Looping when the following xpath does not show up://div[@class='myTokens']Looping when the following xpath does not show up://div[@class='myTokens']Looping when the following xpath does not show up://div[@class='myTokens']Looping when the following xpath does not show up://div[@class='myTokens']Looping when the following xpath does not show up://div[@class='myTokens']Looping when the following xpath does not show up://div[@class='myTokens']Looping when the following xpath does not show up://div[@class='myTokens']Looping when the following xpath does not show up://div[@class='myTokens']Looping when the following xpath does not show up://div[@class='myTokens']Looping when the following xpath does not show up://div[@class='myTokens']Looping when the following xpath does not show up://div[@class='myTokens']Looping when the following xpath does not show up://div[@class='myTokens']Looping when the following xpath does not show up://div[@class='myTokens']Looping when the following xpath does not show up://div[@class='myTokens']Looping when the following xpath does not show up://div[@class='myTokens']Looping when the following xpath does not show up://div[@class='myTokens']Looping when the following xpath does not show up://div[@class='myTokens']Looping when the following xpath does not show up://div[@class='myTokens']Looping when the following xpath does not show up://div[@class='myTokens']Looping when the following xpath does not show up://div[@class='myTokens']Looping when the following xpath does not show up://div[@class='myTokens']Looping when the following xpath does not show up://div[@class='myTokens']Looping when the following xpath does not show up://div[@class='myTokens']Looping when the following xpath does not show up://div[@class='myTokens']Looping when the following xpath does not show up://div[@class='myTokens']Looping when the following xpath does not show up://div[@class='myTokens']Looping when the following xpath does not show up://div[@class='myTokens']Looping when the following xpath does not show up://div[@class='myTokens']Looping when the following xpath does not show up://div[@class='myTokens']Looping when the following xpath does not show up://div[@class='myTokens']Looping when the following xpath does not show up://div[@class='myTokens']Looping when the following xpath does not show up://div[@class='myTokens']Looping when the following xpath does not show up://div[@class='myTokens']Looping when the following xpath does not show up://div[@class='myTokens']Looping when the following xpath does not show up://div[@class='myTokens']Looping when the following xpath does not show up://div[@class='myTokens']Looping when the following xpath does not show up://div[@class='myTokens']Looping when the following xpath does not show up://div[@class='myTokens']Looping when the following xpath does not show up://div[@class='myTokens']Looping when the following xpath does not show up://div[@class='myTokens']Looping when the following xpath does not show up://div[@class='myTokens']Looping when the following xpath does not show up://div[@class='myTokens']Looping when the following xpath does not show up://div[@class='myTokens']Looping when the following xpath does not show up://div[@class='myTokens']Looping when the following xpath does not show up://div[@class='myTokens']Looping when the following xpath does not show up://div[@class='myTokens']Looping when the following xpath does not show up://div[@class='myTokens']Looping when the following xpath does not show up://div[@class='myTokens']Looping when the following xpath does not show up://div[@class='myTokens']Looping when the following xpath does not show up://div[@class='myTokens']Looping when the following xpath does not show up://div[@class='myTokens']Looping when the following xpath does not show up://div[@class='myTokens']Looping when the following xpath does not show up://div[@class='myTokens']Looping when the following xpath does not show up://div[@class='myTokens']Looping when the following xpath does not show up://div[@class='myTokens']Looping when the following xpath does not show up://div[@class='myTokens']Looping when the following xpath does not show up://div[@class='myTokens']Looping when the following xpath does not show up://div[@class='myTokens']Looping when the following xpath does not show up://div[@class='myTokens']Looping when the following xpath does not show up://div[@class='myTokens']Looping when the following xpath does not show up://div[@class='myTokens']Looping when the following xpath does not show up://div[@class='myTokens']Looping when the following xpath does not show up://div[@class='myTokens']Looping when the following xpath does not show up://div[@class='myTokens']Looping when the following xpath does not show up://div[@class='myTokens']Looping when the following xpath does not show up://div[@class='myTokens']Looping when the following xpath does not show up://div[@class='myTokens']Looping when the following xpath does not show up://div[@class='myTokens']Looping when the following xpath does not show up://div[@class='myTokens']Looping when the following xpath does not show up://div[@class='myTokens']Looping when the following xpath does not show up://div[@class='myTokens']Looping when the following xpath does not show up://div[@class='myTokens']Looping when the following xpath does not show up://div[@class='myTokens']Looping when the following xpath does not show up://div[@class='myTokens']Looping when the following xpath does not show up://div[@class='myTokens']Looping when the following xpath does not show up://div[@class='myTokens']Looping when the following xpath does not show up://div[@class='myTokens']Looping when the following xpath does not show up://div[@class='myTokens']Looping when the following xpath does not show up://div[@class='myTokens']Looping when the following xpath does not show up://div[@class='myTokens']Looping when the following xpath does not show up://div[@class='myTokens']Looping when the following xpath does not show up://div[@class='myTokens']Looping when the following xpath does not show up://div[@class='myTokens']Looping when the following xpath does not show up://div[@class='myTokens']Looping when the following xpath does not show up://div[@class='myTokens']Looping when the following xpath does not show up://div[@class='myTokens']Looping when the following xpath does not show up://div[@class='myTokens']Looping when the following xpath does not show up://div[@class='myTokens']Looping when the following xpath does not show up://div[@class='myTokens']Looping when the following xpath does not show up://div[@class='myTokens']Looping when the following xpath does not show up://div[@class='myTokens']Looping when the following xpath does not show up://div[@class='myTokens']Looping when the following xpath does not show up://div[@class='myTokens']Looping when the following xpath does not show up://div[@class='myTokens']Looping when the following xpath does not show up://div[@class='myTokens']Looping when the following xpath does not show up://div[@class='myTokens']Looping when the following xpath does not show up://div[@class='myTokens']Looping when the following xpath does not show up://div[@class='myTokens']Looping when the following xpath does not show up://div[@class='myTokens']Looping when the following xpath does not show up://div[@class='myTokens']Looping when the following xpath does not show up://div[@class='myTokens']Looping when the following xpath does not show up://div[@class='myTokens']Looping when the following xpath does not show up://div[@class='myTokens']Looping when the following xpath does not show up://div[@class='myTokens']Looping when the following xpath does not show up://div[@class='myTokens']Looping when the following xpath does not show up://div[@class='myTokens']Looping when the following xpath does not show up://div[@class='myTokens']Looping when the following xpath does not show up://div[@class='myTokens']Looping when the following xpath does not show up://div[@class='myTokens']Looping when the following xpath does not show up://div[@class='myTokens']Looping when the following xpath does not show up://div[@class='myTokens']Looping when the following xpath does not show up://div[@class='myTokens']Looping when the following xpath does not show up://div[@class='myTokens']Looping when the following xpath does not show up://div[@class='myTokens']Looping when the following xpath does not show up://div[@class='myTokens']Looping when the following xpath does not show up://div[@class='myTokens']Looping when the following xpath does not show up://div[@class='myTokens']Looping when the following xpath does not show up://div[@class='myTokens']Looping when the following xpath does not show up://div[@class='myTokens']Looping when the following xpath does not show up://div[@class='myTokens']Looping when the following xpath does not show up://div[@class='myTokens']Looping when the following xpath does not show up://div[@class='myTokens']Looping when the following xpath does not show up://div[@class='myTokens']Looping when the following xpath does not show up://div[@class='myTokens']Looping when the following xpath does not show up://div[@class='myTokens']Looping when the following xpath does not show up://div[@class='myTokens']Looping when the following xpath does not show up://div[@class='myTokens']Looping when the following xpath does not show up://div[@class='myTokens']Looping when the following xpath does not show up://div[@class='myTokens']Looping when the following xpath does not show up://div[@class='myTokens']Looping when the following xpath does not show up://div[@class='myTokens']Looping when the following xpath does not show up://div[@class='myTokens']Looping when the following xpath does not show up://div[@class='myTokens']Looping when the following xpath does not show up://div[@class='myTokens']Looping when the following xpath does not show up://div[@class='myTokens']Looping when the following xpath does not show up://div[@class='myTokens']Looping when the following xpath does not show up://div[@class='myTokens']Looping when the following xpath does not show up://div[@class='myTokens']Looping when the following xpath does not show up://div[@class='myTokens']Looping when the following xpath does not show up://div[@class='myTokens']Looping when the following xpath does not show up://div[@class='myTokens']Looping when the following xpath does not show up://div[@class='myTokens']Looping when the following xpath does not show up://div[@class='myTokens']Looping when the following xpath does not show up://div[@class='myTokens']Looping when the following xpath does not show up://div[@class='myTokens']Looping when the following xpath does not show up://div[@class='myTokens']Looping when the following xpath does not show up://div[@class='myTokens']Looping when the following xpath does not show up://div[@class='myTokens']Looping when the following xpath does not show up://div[@class='myTokens']Looping when the following xpath does not show up://div[@class='myTokens']Looping when the following xpath does not show up://div[@class='myTokens']Looping when the following xpath does not show up://div[@class='myTokens']Looping when the following xpath does not show up://div[@class='myTokens']Looping when the following xpath does not show up://div[@class='myTokens']Looping when the following xpath does not show up://div[@class='myTokens']Looping when the following xpath does not show up://div[@class='myTokens']Looping when the following xpath does not show up://div[@class='myTokens']Looping when the following xpath does not show up://div[@class='myTokens']Looping when the following xpath does not show up://div[@class='myTokens']Looping when the following xpath does not show up://div[@class='myTokens']Looping when the following xpath does not show up://div[@class='myTokens']Looping when the following xpath does not show up://div[@class='myTokens']Looping when the following xpath does not show up://div[@class='myTokens']Looping when the following xpath does not show up://div[@class='myTokens']Looping when the following xpath does not show up://div[@class='myTokens']Looping when the following xpath does not show up://div[@class='myTokens']Looping when the following xpath does not show up://div[@class='myTokens']Looping when the following xpath does not show up://div[@class='myTokens']Looping when the following xpath does not show up://div[@class='myTokens']Looping when the following xpath does not show up://div[@class='myTokens']Looping when the following xpath does not show up://div[@class='myTokens']Looping when the following xpath does not show up://div[@class='myTokens']Looping when the following xpath does not show up://div[@class='myTokens']Looping when the following xpath does not show up://div[@class='myTokens']Looping when the following xpath does not show up://div[@class='myTokens']Looping when the following xpath does not show up://div[@class='myTokens']Looping when the following xpath does not show up://div[@class='myTokens']Looping when the following xpath does not show up://div[@class='myTokens']Looping when the following xpath does not show up://div[@class='myTokens']Looping when the following xpath does not show up://div[@class='myTokens']Looping when the following xpath does not show up://div[@class='myTokens']Looping when the following xpath does not show up://div[@class='myTokens']Looping when the following xpath does not show up://div[@class='myTokens']Looping when the following xpath does not show up://div[@class='myTokens']Looping when the following xpath does not show up://div[@class='myTokens']Looping when the following xpath does not show up://div[@class='myTokens']Looping when the following xpath does not show up://div[@class='myTokens']Looping when the following xpath does not show up://div[@class='myTokens']Looping when the following xpath does not show up://div[@class='myTokens']Looping when the following xpath does not show up://div[@class='myTokens']Looping when the following xpath does not show up://div[@class='myTokens']Looping when the following xpath does not show up://div[@class='myTokens']Looping when the following xpath does not show up://div[@class='myTokens']Looping when the following xpath does not show up://div[@class='myTokens']Looping when the following xpath does not show up://div[@class='myTokens']Looping when the following xpath does not show up://div[@class='myTokens']Looping when the following xpath does not show up://div[@class='myTokens']Looping when the following xpath does not show up://div[@class='myTokens']Looping when the following xpath does not show up://div[@class='myTokens']Looping when the following xpath does not show up://div[@class='myTokens']Looping when the following xpath does not show up://div[@class='myTokens']Looping when the following xpath does not show up://div[@class='myTokens']Looping when the following xpath does not show up://div[@class='myTokens']Looping when the following xpath does not show up://div[@class='myTokens']Looping when the following xpath does not show up://div[@class='myTokens']Looping when the following xpath does not show up://div[@class='myTokens']Looping when the following xpath does not show up://div[@class='myTokens']Looping when the following xpath does not show up://div[@class='myTokens']Looping when the following xpath does not show up://div[@class='myTokens']Looping when the following xpath does not show up://div[@class='myTokens']Looping when the following xpath does not show up://div[@class='myTokens']Looping when the following xpath does not show up://div[@class='myTokens']Looping when the following xpath does not show up://div[@class='myTokens']Looping when the following xpath does not show up://div[@class='myTokens']Looping when the following xpath does not show up://div[@class='myTokens']Looping when the following xpath does not show up://div[@class='myTokens']Looping when the following xpath does not show up://div[@class='myTokens']Looping when the following xpath does not show up://div[@class='myTokens']Looping when the following xpath does not show up://div[@class='myTokens']Looping when the following xpath does not show up://div[@class='myTokens']Looping when the following xpath does not show up://div[@class='myTokens']Looping when the following xpath does not show up://div[@class='myTokens']Looping when the following xpath does not show up://div[@class='myTokens']Looping when the following xpath does not show up://div[@class='myTokens']Looping when the following xpath does not show up://div[@class='myTokens']Looping when the following xpath does not show up://div[@class='myTokens']Looping when the following xpath does not show up://div[@class='myTokens']Looping when the following xpath does not show up://div[@class='myTokens']Looping when the following xpath does not show up://div[@class='myTokens']Looping when the following xpath does not show up://div[@class='myTokens']Looping when the following xpath does not show up://div[@class='myTokens']Looping when the following xpath does not show up://div[@class='myTokens']Looping when the following xpath does not show up://div[@class='myTokens']Looping when the following xpath does not show up://div[@class='myTokens']Looping when the following xpath does not show up://div[@class='myTokens']Looping when the following xpath does not show up://div[@class='myTokens']Looping when the following xpath does not show up://div[@class='myTokens']Looping when the following xpath does not show up://div[@class='myTokens']Looping when the following xpath does not show up://div[@class='myTokens']Looping when the following xpath does not show up://div[@class='myTokens']Looping when the following xpath does not show up://div[@class='myTokens']Looping when the following xpath does not show up://div[@class='myTokens']Looping when the following xpath does not show up://div[@class='myTokens']Looping when the following xpath does not show up://div[@class='myTokens']Looping when the following xpath does not show up://div[@class='myTokens']Looping when the following xpath does not show up://div[@class='myTokens']Looping when the following xpath does not show up://div[@class='myTokens']Looping when the following xpath does not show up://div[@class='myTokens']Looping when the following xpath does not show up://div[@class='myTokens']Looping when the following xpath does not show up://div[@class='myTokens']Looping when the following xpath does not show up://div[@class='myTokens']Looping when the following xpath does not show up://div[@class='myTokens']Looping when the following xpath does not show up://div[@class='myTokens']Looping when the following xpath does not show up://div[@class='myTokens']Looping when the following xpath does not show up://div[@class='myTokens']Looping when the following xpath does not show up://div[@class='myTokens']Looping when the following xpath does not show up://div[@class='myTokens']Looping when the following xpath does not show up://div[@class='myTokens']Looping when the following xpath does not show up://div[@class='myTokens']Looping when the following xpath does not show up://div[@class='myTokens']Looping when the following xpath does not show up://div[@class='myTokens']Looping when the following xpath does not show up://div[@class='myTokens']Looping when the following xpath does not show up://div[@class='myTokens']Looping when the following xpath does not show up://div[@class='myTokens']Looping when the following xpath does not show up://div[@class='myTokens']Looping when the following xpath does not show up://div[@class='myTokens']Looping when the following xpath does not show up://div[@class='myTokens']Looping when the following xpath does not show up://div[@class='myTokens']Looping when the following xpath does not show up://div[@class='myTokens']Looping when the following xpath does not show up://div[@class='myTokens']Looping when the following xpath does not show up://div[@class='myTokens']Looping when the following xpath does not show up://div[@class='myTokens']Looping when the following xpath does not show up://div[@class='myTokens']Looping when the following xpath does not show up://div[@class='myTokens']Looping when the following xpath does not show up://div[@class='myTokens']Looping when the following xpath does not show up://div[@class='myTokens']Looping when the following xpath does not show up://div[@class='myTokens']Looping when the following xpath does not show up://div[@class='myTokens']Looping when the following xpath does not show up://div[@class='myTokens']Looping when the following xpath does not show up://div[@class='myTokens']Looping when the following xpath does not show up://div[@class='myTokens']Looping when the following xpath does not show up://div[@class='myTokens']Looping when the following xpath does not show up://div[@class='myTokens']Looping when the following xpath does not show up://div[@class='myTokens']Looping when the following xpath does not show up://div[@class='myTokens']Looping when the following xpath does not show up://div[@class='myTokens']Looping when the following xpath does not show up://div[@class='myTokens']Looping when the following xpath does not show up://div[@class='myTokens']Looping when the following xpath does not show up://div[@class='myTokens']Looping when the following xpath does not show up://div[@class='myTokens']Looping when the following xpath does not show up://div[@class='myTokens']Looping when the following xpath does not show up://div[@class='myTokens']Looping when the following xpath does not show up://div[@class='myTokens']Looping when the following xpath does not show up://div[@class='myTokens']Looping when the following xpath does not show up://div[@class='myTokens']Looping when the following xpath does not show up://div[@class='myTokens']Looping when the following xpath does not show up://div[@class='myTokens']Looping when the following xpath does not show up://div[@class='myTokens']Looping when the following xpath does not show up://div[@class='myTokens']Looping when the following xpath does not show up://div[@class='myTokens']Looping when the following xpath does not show up://div[@class='myTokens']Looping when the following xpath does not show up://div[@class='myTokens']Looping when the following xpath does not show up://div[@class='myTokens']Looping when the following xpath does not show up://div[@class='myTokens']Looping when the following xpath does not show up://div[@class='myTokens']Looping when the following xpath does not show up://div[@class='myTokens']Looping when the following xpath does not show up://div[@class='myTokens']Looping when the following xpath does not show up://div[@class='myTokens']Looping when the following xpath does not show up://div[@class='myTokens']Looping when the following xpath does not show up://div[@class='myTokens']Looping when the following xpath does not show up://div[@class='myTokens']Looping when the following xpath does not show up://div[@class='myTokens']Looping when the following xpath does not show up://div[@class='myTokens']Looping when the following xpath does not show up://div[@class='myTokens']Looping when the following xpath does not show up://div[@class='myTokens']Looping when the following xpath does not show up://div[@class='myTokens']Looping when the following xpath does not show up://div[@class='myTokens']Looping when the following xpath does not show up://div[@class='myTokens']Looping when the following xpath does not show up://div[@class='myTokens']Looping when the following xpath does not show up://div[@class='myTokens']Looping when the following xpath does not show up://div[@class='myTokens']Looping when the following xpath does not show up://div[@class='myTokens']Looping when the following xpath does not show up://div[@class='myTokens']Looping when the following xpath does not show up://div[@class='myTokens']Looping when the following xpath does not show up://div[@class='myTokens']Looping when the following xpath does not show up://div[@class='myTokens']Looping when the following xpath does not show up://div[@class='myTokens']Looping when the following xpath does not show up://div[@class='myTokens']Looping when the following xpath does not show up://div[@class='myTokens']Looping when the following xpath does not show up://div[@class='myTokens']Looping when the following xpath does not show up://div[@class='myTokens']Looping when the following xpath does not show up://div[@class='myTokens']Looping when the following xpath does not show up://div[@class='myTokens']Looping when the following xpath does not show up://div[@class='myTokens']Looping when the following xpath does not show up://div[@class='myTokens']Looping when the following xpath does not show up://div[@class='myTokens']Looping when the following xpath does not show up://div[@class='myTokens']Looping when the following xpath does not show up://div[@class='myTokens']Looping when the following xpath does not show up://div[@class='myTokens']Looping when the following xpath does not show up://div[@class='myTokens']Looping when the following xpath does not show up://div[@class='myTokens']Looping when the following xpath does not show up://div[@class='myTokens']Looping when the following xpath does not show up://div[@class='myTokens']Looping when the following xpath does not show up://div[@class='myTokens']Looping when the following xpath does not show up://div[@class='myTokens']Looping when the following xpath does not show up://div[@class='myTokens']Looping when the following xpath does not show up://div[@class='myTokens']Looping when the following xpath does not show up://div[@class='myTokens']Looping when the following xpath does not show up://div[@class='myTokens']Looping when the following xpath does not show up://div[@class='myTokens']Looping when the following xpath does not show up://div[@class='myTokens']Looping when the following xpath does not show up://div[@class='myTokens']Looping when the following xpath does not show up://div[@class='myTokens']Looping when the following xpath does not show up://div[@class='myTokens']Looping when the following xpath does not show up://div[@class='myTokens']Looping when the following xpath does not show up://div[@class='myTokens']Looping when the following xpath does not show up://div[@class='myTokens']Looping when the following xpath does not show up://div[@class='myTokens']Looping when the following xpath does not show up://div[@class='myTokens']Looping when the following xpath does not show up://div[@class='myTokens']Looping when the following xpath does not show up://div[@class='myTokens']Looping when the following xpath does not show up://div[@class='myTokens']Looping when the following xpath does not show up://div[@class='myTokens']Looping when the following xpath does not show up://div[@class='myTokens']Looping when the following xpath does not show up://div[@class='myTokens']Looping when the following xpath does not show up://div[@class='myTokens']]]></system-out>
    <system-err><![CDATA[Starting ChromeDriver 2.40.565498 (ea082db3280dd6843ebfb08a625e3eb905c4f5ab) on port 28278
Only local connections are allowed.
[1542006766.278][WARNING]: Timed out connecting to Chrome, retrying...
]]></system-err>
  </testcase>
  <testcase name="updateMyInformationTestCase[0]" classname="web.cts.crpyto.test.UpdateMyInformationPageTest" time="25.192"/>
  <testcase name="updateAddressTestCase[0]" classname="web.cts.crpyto.test.UpdateMyInformationPageTest" time="6.018">
    <error message="chrome not reachable&#10;  (Session info: chrome=70.0.3538.77)&#10;  (Driver info: chromedriver=2.40.565498 (ea082db3280dd6843ebfb08a625e3eb905c4f5ab),platform=Windows NT 10.0.17134 x86_64) (WARNING: The server did not provide any stacktrace information)&#10;Command duration or timeout: 6.01 seconds&#10;Build info: version: &apos;2.35.0&apos;, revision: &apos;8df0c6bedf70ff9f22c647788f9fe9c8d22210e2&apos;, time: &apos;2013-08-17 12:46:41&apos;&#10;System info: os.name: &apos;Windows 10&apos;, os.arch: &apos;amd64&apos;, os.version: &apos;10.0&apos;, java.version: &apos;1.8.0_141&apos;&#10;Driver info: org.openqa.selenium.chrome.ChromeDriver&#10;Capabilities [{applicationCacheEnabled=false, rotatable=false, mobileEmulationEnabled=false, networkConnectionEnabled=false, chrome={chromedriverVersion=2.40.565498 (ea082db3280dd6843ebfb08a625e3eb905c4f5ab), userDataDir=C:\Users\Forrest.Li\AppData\Local\Temp\scoped_dir11312_3614}, takesHeapSnapshot=true, pageLoadStrategy=normal, databaseEnabled=false, handlesAlerts=true, hasTouchScreen=false, version=70.0.3538.77, platform=XP, browserConnectionEnabled=false, nativeEvents=true, acceptSslCerts=false, acceptInsecureCerts=false, locationContextEnabled=true, webStorageEnabled=true, browserName=chrome, takesScreenshot=true, javascriptEnabled=true, cssSelectorsEnabled=true, setWindowRect=true, unexpectedAlertBehaviour=}]&#10;Session ID: ddf14128e761b0ef646adc39b8135823" type="org.openqa.selenium.WebDriverException">org.openqa.selenium.WebDriverException: chrome not reachable
  (Session info: chrome=70.0.3538.77)
  (Driver info: chromedriver=2.40.565498 (ea082db3280dd6843ebfb08a625e3eb905c4f5ab),platform=Windows NT 10.0.17134 x86_64) (WARNING: The server did not provide any stacktrace information)
Command duration or timeout: 6.01 seconds
Build info: version: '2.35.0', revision: '8df0c6bedf70ff9f22c647788f9fe9c8d22210e2', time: '2013-08-17 12:46:41'
System info: os.name: 'Windows 10', os.arch: 'amd64', os.version: '10.0', java.version: '1.8.0_141'
Driver info: org.openqa.selenium.chrome.ChromeDriver
Capabilities [{applicationCacheEnabled=false, rotatable=false, mobileEmulationEnabled=false, networkConnectionEnabled=false, chrome={chromedriverVersion=2.40.565498 (ea082db3280dd6843ebfb08a625e3eb905c4f5ab), userDataDir=C:\Users\Forrest.Li\AppData\Local\Temp\scoped_dir11312_3614}, takesHeapSnapshot=true, pageLoadStrategy=normal, databaseEnabled=false, handlesAlerts=true, hasTouchScreen=false, version=70.0.3538.77, platform=XP, browserConnectionEnabled=false, nativeEvents=true, acceptSslCerts=false, acceptInsecureCerts=false, locationContextEnabled=true, webStorageEnabled=true, browserName=chrome, takesScreenshot=true, javascriptEnabled=true, cssSelectorsEnabled=true, setWindowRect=true, unexpectedAlertBehaviour=}]
Session ID: ddf14128e761b0ef646adc39b8135823
	at sun.reflect.NativeConstructorAccessorImpl.newInstance0(Native Method)
	at sun.reflect.NativeConstructorAccessorImpl.newInstance(NativeConstructorAccessorImpl.java:62)
	at sun.reflect.DelegatingConstructorAccessorImpl.newInstance(DelegatingConstructorAccessorImpl.java:45)
	at java.lang.reflect.Constructor.newInstance(Constructor.java:423)
	at org.openqa.selenium.remote.ErrorHandler.createThrowable(ErrorHandler.java:191)
	at org.openqa.selenium.remote.ErrorHandler.throwIfResponseFailed(ErrorHandler.java:145)
	at org.openqa.selenium.remote.RemoteWebDriver.execute(RemoteWebDriver.java:554)
	at org.openqa.selenium.remote.RemoteWebDriver.execute(RemoteWebDriver.java:569)
	at org.openqa.selenium.remote.RemoteWebDriver.getPageSource(RemoteWebDriver.java:414)
	at sun.reflect.NativeMethodAccessorImpl.invoke0(Native Method)
	at sun.reflect.NativeMethodAccessorImpl.invoke(NativeMethodAccessorImpl.java:62)
	at sun.reflect.DelegatingMethodAccessorImpl.invoke(DelegatingMethodAccessorImpl.java:43)
	at java.lang.reflect.Method.invoke(Method.java:498)
	at org.openqa.selenium.support.events.EventFiringWebDriver$2.invoke(EventFiringWebDriver.java:101)
	at com.sun.proxy.$Proxy20.getPageSource(Unknown Source)
	at org.openqa.selenium.support.events.EventFiringWebDriver.getPageSource(EventFiringWebDriver.java:186)
	at web.cts.crpyto.wrappers.WebDriverWrapper.isWebPageDisplayed(WebDriverWrapper.java:249)
	at web.cts.crpyto.core.AbstractPage.isMessageDisplayed(AbstractPage.java:55)
	at web.cts.crpyto.test.UpdateMyInformationPageTest.updateAddressTestCase(UpdateMyInformationPageTest.java:69)
</error>
    <system-out><![CDATA[2018-11-12 15:13:15,494 (UpdateMyInformationPageTest.java:44) INFO  web.cts.crpyto.test.UpdateMyInformationPageTest - Begining the Update My Information page test...
2018-11-12 15:13:15,495 (TestContextManager.java:235) INFO  org.springframework.test.context.TestContextManager - Could not instantiate TestExecutionListener [org.springframework.test.context.web.ServletTestExecutionListener]. Specify custom listener classes or make the default listener classes (and their required dependencies) available. Offending class: [javax/servlet/ServletContext]
2018-11-12 15:13:15,496 (TestContextManager.java:235) INFO  org.springframework.test.context.TestContextManager - Could not instantiate TestExecutionListener [org.springframework.test.context.transaction.TransactionalTestExecutionListener]. Specify custom listener classes or make the default listener classes (and their required dependencies) available. Offending class: [org/springframework/transaction/interceptor/TransactionAttribute]
2018-11-12 15:13:15,496 (UpdateMyInformationPageTest.java:60) INFO  web.cts.crpyto.test.UpdateMyInformationPageTest - Checking and validating for the address update ...
Expected:{Address=[Forrest HK New Address]}
]]></system-out>
    <system-err><![CDATA[[1542006797.501][WARNING]: Timed out connecting to Chrome, retrying...
]]></system-err>
  </testcase>
  <testcase name="updateMyInformationTestCase[1]" classname="web.cts.crpyto.test.UpdateMyInformationPageTest" time="25.073"/>
  <testcase name="updateAddressTestCase[1]" classname="web.cts.crpyto.test.UpdateMyInformationPageTest" time="6.013">
    <error message="chrome not reachable&#10;  (Session info: chrome=70.0.3538.77)&#10;  (Driver info: chromedriver=2.40.565498 (ea082db3280dd6843ebfb08a625e3eb905c4f5ab),platform=Windows NT 10.0.17134 x86_64) (WARNING: The server did not provide any stacktrace information)&#10;Command duration or timeout: 6.01 seconds&#10;Build info: version: &apos;2.35.0&apos;, revision: &apos;8df0c6bedf70ff9f22c647788f9fe9c8d22210e2&apos;, time: &apos;2013-08-17 12:46:41&apos;&#10;System info: os.name: &apos;Windows 10&apos;, os.arch: &apos;amd64&apos;, os.version: &apos;10.0&apos;, java.version: &apos;1.8.0_141&apos;&#10;Driver info: org.openqa.selenium.chrome.ChromeDriver&#10;Capabilities [{applicationCacheEnabled=false, rotatable=false, mobileEmulationEnabled=false, networkConnectionEnabled=false, chrome={chromedriverVersion=2.40.565498 (ea082db3280dd6843ebfb08a625e3eb905c4f5ab), userDataDir=C:\Users\Forrest.Li\AppData\Local\Temp\scoped_dir11312_3614}, takesHeapSnapshot=true, pageLoadStrategy=normal, databaseEnabled=false, handlesAlerts=true, hasTouchScreen=false, version=70.0.3538.77, platform=XP, browserConnectionEnabled=false, nativeEvents=true, acceptSslCerts=false, acceptInsecureCerts=false, locationContextEnabled=true, webStorageEnabled=true, browserName=chrome, takesScreenshot=true, javascriptEnabled=true, cssSelectorsEnabled=true, setWindowRect=true, unexpectedAlertBehaviour=}]&#10;Session ID: ddf14128e761b0ef646adc39b8135823" type="org.openqa.selenium.WebDriverException">org.openqa.selenium.WebDriverException: chrome not reachable
  (Session info: chrome=70.0.3538.77)
  (Driver info: chromedriver=2.40.565498 (ea082db3280dd6843ebfb08a625e3eb905c4f5ab),platform=Windows NT 10.0.17134 x86_64) (WARNING: The server did not provide any stacktrace information)
Command duration or timeout: 6.01 seconds
Build info: version: '2.35.0', revision: '8df0c6bedf70ff9f22c647788f9fe9c8d22210e2', time: '2013-08-17 12:46:41'
System info: os.name: 'Windows 10', os.arch: 'amd64', os.version: '10.0', java.version: '1.8.0_141'
Driver info: org.openqa.selenium.chrome.ChromeDriver
Capabilities [{applicationCacheEnabled=false, rotatable=false, mobileEmulationEnabled=false, networkConnectionEnabled=false, chrome={chromedriverVersion=2.40.565498 (ea082db3280dd6843ebfb08a625e3eb905c4f5ab), userDataDir=C:\Users\Forrest.Li\AppData\Local\Temp\scoped_dir11312_3614}, takesHeapSnapshot=true, pageLoadStrategy=normal, databaseEnabled=false, handlesAlerts=true, hasTouchScreen=false, version=70.0.3538.77, platform=XP, browserConnectionEnabled=false, nativeEvents=true, acceptSslCerts=false, acceptInsecureCerts=false, locationContextEnabled=true, webStorageEnabled=true, browserName=chrome, takesScreenshot=true, javascriptEnabled=true, cssSelectorsEnabled=true, setWindowRect=true, unexpectedAlertBehaviour=}]
Session ID: ddf14128e761b0ef646adc39b8135823
	at sun.reflect.NativeConstructorAccessorImpl.newInstance0(Native Method)
	at sun.reflect.NativeConstructorAccessorImpl.newInstance(NativeConstructorAccessorImpl.java:62)
	at sun.reflect.DelegatingConstructorAccessorImpl.newInstance(DelegatingConstructorAccessorImpl.java:45)
	at java.lang.reflect.Constructor.newInstance(Constructor.java:423)
	at org.openqa.selenium.remote.ErrorHandler.createThrowable(ErrorHandler.java:191)
	at org.openqa.selenium.remote.ErrorHandler.throwIfResponseFailed(ErrorHandler.java:145)
	at org.openqa.selenium.remote.RemoteWebDriver.execute(RemoteWebDriver.java:554)
	at org.openqa.selenium.remote.RemoteWebDriver.execute(RemoteWebDriver.java:569)
	at org.openqa.selenium.remote.RemoteWebDriver.getPageSource(RemoteWebDriver.java:414)
	at sun.reflect.NativeMethodAccessorImpl.invoke0(Native Method)
	at sun.reflect.NativeMethodAccessorImpl.invoke(NativeMethodAccessorImpl.java:62)
	at sun.reflect.DelegatingMethodAccessorImpl.invoke(DelegatingMethodAccessorImpl.java:43)
	at java.lang.reflect.Method.invoke(Method.java:498)
	at org.openqa.selenium.support.events.EventFiringWebDriver$2.invoke(EventFiringWebDriver.java:101)
	at com.sun.proxy.$Proxy20.getPageSource(Unknown Source)
	at org.openqa.selenium.support.events.EventFiringWebDriver.getPageSource(EventFiringWebDriver.java:186)
	at web.cts.crpyto.wrappers.WebDriverWrapper.isWebPageDisplayed(WebDriverWrapper.java:249)
	at web.cts.crpyto.core.AbstractPage.isMessageDisplayed(AbstractPage.java:55)
	at web.cts.crpyto.test.UpdateMyInformationPageTest.updateAddressTestCase(UpdateMyInformationPageTest.java:69)
</error>
    <system-out><![CDATA[2018-11-12 15:13:46,585 (UpdateMyInformationPageTest.java:44) INFO  web.cts.crpyto.test.UpdateMyInformationPageTest - Begining the Update My Information page test...
2018-11-12 15:13:46,586 (TestContextManager.java:235) INFO  org.springframework.test.context.TestContextManager - Could not instantiate TestExecutionListener [org.springframework.test.context.web.ServletTestExecutionListener]. Specify custom listener classes or make the default listener classes (and their required dependencies) available. Offending class: [javax/servlet/ServletContext]
2018-11-12 15:13:46,587 (TestContextManager.java:235) INFO  org.springframework.test.context.TestContextManager - Could not instantiate TestExecutionListener [org.springframework.test.context.transaction.TransactionalTestExecutionListener]. Specify custom listener classes or make the default listener classes (and their required dependencies) available. Offending class: [org/springframework/transaction/interceptor/TransactionAttribute]
2018-11-12 15:13:46,588 (UpdateMyInformationPageTest.java:60) INFO  web.cts.crpyto.test.UpdateMyInformationPageTest - Checking and validating for the address update ...
Expected:{Address=[Forrest HK New Address]}
]]></system-out>
    <system-err><![CDATA[[1542006828.592][WARNING]: Timed out connecting to Chrome, retrying...
]]></system-err>
  </testcase>
</testsuite>